<?xml version="1.0" encoding="UTF-8"?>
<coverage generated="1768830747947" clover="3.2.0">
  <project timestamp="1768830747947" name="All files">
    <metrics statements="237" coveredstatements="232" conditionals="165" coveredconditionals="145" methods="79" coveredmethods="76" elements="481" coveredelements="453" complexity="0" loc="237" ncloc="237" packages="11" files="12" classes="12"/>
    <package name="app.providers.router">
      <metrics statements="7" coveredstatements="7" conditionals="9" coveredconditionals="9" methods="2" coveredmethods="2"/>
      <file name="guards.ts" path="/Users/amurisavemylife/Documents/projects/maxbitsolution-test-task/src/app/providers/router/guards.ts">
        <metrics statements="7" coveredstatements="7" conditionals="9" coveredconditionals="9" methods="2" coveredmethods="2"/>
        <line num="5" count="2" type="stmt"/>
        <line num="6" count="4" type="stmt"/>
        <line num="8" count="4" type="cond" truecount="4" falsecount="0"/>
        <line num="9" count="1" type="stmt"/>
        <line num="15" count="3" type="cond" truecount="5" falsecount="0"/>
        <line num="16" count="1" type="stmt"/>
        <line num="19" count="2" type="stmt"/>
      </file>
    </package>
    <package name="entities.auth.api">
      <metrics statements="7" coveredstatements="7" conditionals="2" coveredconditionals="2" methods="3" coveredmethods="3"/>
      <file name="auth.api.ts" path="/Users/amurisavemylife/Documents/projects/maxbitsolution-test-task/src/entities/auth/api/auth.api.ts">
        <metrics statements="7" coveredstatements="7" conditionals="2" coveredconditionals="2" methods="3" coveredmethods="3"/>
        <line num="17" count="3" type="cond" truecount="2" falsecount="0"/>
        <line num="18" count="2" type="stmt"/>
        <line num="21" count="1" type="stmt"/>
        <line num="25" count="2" type="stmt"/>
        <line num="32" count="2" type="stmt"/>
        <line num="36" count="1" type="stmt"/>
        <line num="43" count="1" type="stmt"/>
      </file>
    </package>
    <package name="entities.auth.model">
      <metrics statements="13" coveredstatements="13" conditionals="0" coveredconditionals="0" methods="6" coveredmethods="5"/>
      <file name="auth.store.ts" path="/Users/amurisavemylife/Documents/projects/maxbitsolution-test-task/src/entities/auth/model/auth.store.ts">
        <metrics statements="13" coveredstatements="13" conditionals="0" coveredconditionals="0" methods="6" coveredmethods="5"/>
        <line num="6" count="3" type="stmt"/>
        <line num="9" count="3" type="stmt"/>
        <line num="10" count="6" type="stmt"/>
        <line num="11" count="6" type="stmt"/>
        <line num="13" count="6" type="stmt"/>
        <line num="15" count="6" type="stmt"/>
        <line num="18" count="4" type="stmt"/>
        <line num="19" count="4" type="stmt"/>
        <line num="23" count="1" type="stmt"/>
        <line num="27" count="1" type="stmt"/>
        <line num="28" count="1" type="stmt"/>
        <line num="29" count="1" type="stmt"/>
        <line num="32" count="6" type="stmt"/>
      </file>
    </package>
    <package name="entities.booking.api">
      <metrics statements="8" coveredstatements="8" conditionals="20" coveredconditionals="20" methods="6" coveredmethods="6"/>
      <file name="booking.api.ts" path="/Users/amurisavemylife/Documents/projects/maxbitsolution-test-task/src/entities/booking/api/booking.api.ts">
        <metrics statements="8" coveredstatements="8" conditionals="20" coveredconditionals="20" methods="6" coveredmethods="6"/>
        <line num="6" count="1" type="stmt"/>
        <line num="13" count="2" type="stmt"/>
        <line num="25" count="2" type="stmt"/>
        <line num="31" count="2" type="stmt"/>
        <line num="32" count="2" type="stmt"/>
        <line num="36" count="2" type="stmt"/>
        <line num="37" count="2" type="stmt"/>
        <line num="41" count="1" type="stmt"/>
      </file>
    </package>
    <package name="entities.booking.model">
      <metrics statements="52" coveredstatements="51" conditionals="20" coveredconditionals="17" methods="14" coveredmethods="13"/>
      <file name="useBookings.ts" path="/Users/amurisavemylife/Documents/projects/maxbitsolution-test-task/src/entities/booking/model/useBookings.ts">
        <metrics statements="52" coveredstatements="51" conditionals="20" coveredconditionals="17" methods="14" coveredmethods="13"/>
        <line num="17" count="2" type="stmt"/>
        <line num="21" count="1" type="stmt"/>
        <line num="22" count="1" type="stmt"/>
        <line num="23" count="1" type="stmt"/>
        <line num="27" count="7" type="stmt"/>
        <line num="28" count="7" type="stmt"/>
        <line num="29" count="7" type="stmt"/>
        <line num="30" count="7" type="stmt"/>
        <line num="31" count="7" type="stmt"/>
        <line num="33" count="7" type="stmt"/>
        <line num="34" count="3" type="stmt"/>
        <line num="39" count="3" type="stmt"/>
        <line num="45" count="3" type="stmt"/>
        <line num="47" count="4" type="cond" truecount="2" falsecount="0"/>
        <line num="48" count="4" type="cond" truecount="1" falsecount="1"/>
        <line num="50" count="5" type="stmt"/>
        <line num="51" count="5" type="stmt"/>
        <line num="53" count="4" type="stmt"/>
        <line num="64" count="4" type="cond" truecount="4" falsecount="0"/>
        <line num="65" count="1" type="stmt"/>
        <line num="71" count="4" type="stmt"/>
        <line num="72" count="4" type="stmt"/>
        <line num="74" count="4" type="cond" truecount="2" falsecount="0"/>
        <line num="75" count="2" type="stmt"/>
        <line num="76" count="2" type="cond" truecount="2" falsecount="0"/>
        <line num="77" count="1" type="stmt"/>
        <line num="79" count="1" type="stmt"/>
        <line num="83" count="3" type="stmt"/>
        <line num="84" count="0" type="stmt"/>
        <line num="86" count="3" type="stmt"/>
        <line num="87" count="3" type="stmt"/>
        <line num="88" count="3" type="stmt"/>
        <line num="90" count="3" type="stmt"/>
        <line num="94" count="3" type="stmt"/>
        <line num="95" count="3" type="stmt"/>
        <line num="97" count="3" type="stmt"/>
        <line num="98" count="3" type="stmt"/>
        <line num="99" count="2" type="stmt"/>
        <line num="100" count="2" type="stmt"/>
        <line num="102" count="2" type="stmt"/>
        <line num="103" count="2" type="stmt"/>
        <line num="105" count="2" type="stmt"/>
        <line num="107" count="2" type="cond" truecount="2" falsecount="0"/>
        <line num="108" count="1" type="stmt"/>
        <line num="109" count="1" type="stmt"/>
        <line num="114" count="1" type="stmt"/>
        <line num="115" count="1" type="cond" truecount="2" falsecount="0"/>
        <line num="117" count="3" type="stmt"/>
        <line num="122" count="1" type="stmt"/>
        <line num="123" count="1" type="stmt"/>
        <line num="127" count="1" type="stmt"/>
        <line num="130" count="7" type="stmt"/>
      </file>
    </package>
    <package name="entities.cinema.api">
      <metrics statements="11" coveredstatements="11" conditionals="16" coveredconditionals="16" methods="6" coveredmethods="6"/>
      <file name="cinema.api.ts" path="/Users/amurisavemylife/Documents/projects/maxbitsolution-test-task/src/entities/cinema/api/cinema.api.ts">
        <metrics statements="11" coveredstatements="11" conditionals="16" coveredconditionals="16" methods="6" coveredmethods="6"/>
        <line num="6" count="3" type="stmt"/>
        <line num="14" count="2" type="stmt"/>
        <line num="23" count="2" type="stmt"/>
        <line num="24" count="2" type="stmt"/>
        <line num="28" count="2" type="stmt"/>
        <line num="29" count="2" type="stmt"/>
        <line num="31" count="2" type="cond" truecount="2" falsecount="0"/>
        <line num="32" count="1" type="stmt"/>
        <line num="35" count="1" type="stmt"/>
        <line num="39" count="2" type="stmt"/>
        <line num="40" count="2" type="stmt"/>
      </file>
    </package>
    <package name="entities.movie.api">
      <metrics statements="18" coveredstatements="18" conditionals="24" coveredconditionals="20" methods="7" coveredmethods="7"/>
      <file name="movie.api.ts" path="/Users/amurisavemylife/Documents/projects/maxbitsolution-test-task/src/entities/movie/api/movie.api.ts">
        <metrics statements="18" coveredstatements="18" conditionals="24" coveredconditionals="20" methods="7" coveredmethods="7"/>
        <line num="6" count="3" type="stmt"/>
        <line num="9" count="4" type="cond" truecount="2" falsecount="0"/>
        <line num="10" count="1" type="stmt"/>
        <line num="13" count="3" type="stmt"/>
        <line num="14" count="3" type="stmt"/>
        <line num="16" count="1" type="stmt"/>
        <line num="17" count="1" type="stmt"/>
        <line num="22" count="4" type="stmt"/>
        <line num="34" count="1" type="stmt"/>
        <line num="43" count="3" type="stmt"/>
        <line num="44" count="3" type="stmt"/>
        <line num="48" count="2" type="stmt"/>
        <line num="49" count="2" type="stmt"/>
        <line num="51" count="2" type="cond" truecount="2" falsecount="0"/>
        <line num="52" count="1" type="stmt"/>
        <line num="55" count="1" type="stmt"/>
        <line num="59" count="1" type="stmt"/>
        <line num="60" count="1" type="stmt"/>
      </file>
    </package>
    <package name="entities.session.api">
      <metrics statements="9" coveredstatements="9" conditionals="20" coveredconditionals="11" methods="5" coveredmethods="5"/>
      <file name="session.api.ts" path="/Users/amurisavemylife/Documents/projects/maxbitsolution-test-task/src/entities/session/api/session.api.ts">
        <metrics statements="9" coveredstatements="9" conditionals="20" coveredconditionals="11" methods="5" coveredmethods="5"/>
        <line num="6" count="1" type="stmt"/>
        <line num="13" count="2" type="stmt"/>
        <line num="20" count="1" type="stmt"/>
        <line num="34" count="1" type="stmt"/>
        <line num="35" count="1" type="stmt"/>
        <line num="43" count="2" type="stmt"/>
        <line num="50" count="2" type="cond" truecount="2" falsecount="0"/>
        <line num="51" count="1" type="stmt"/>
        <line num="54" count="1" type="stmt"/>
      </file>
    </package>
    <package name="entities.session.model">
      <metrics statements="56" coveredstatements="55" conditionals="12" coveredconditionals="11" methods="14" coveredmethods="13"/>
      <file name="session.helpers.ts" path="/Users/amurisavemylife/Documents/projects/maxbitsolution-test-task/src/entities/session/model/session.helpers.ts">
        <metrics statements="37" coveredstatements="37" conditionals="10" coveredconditionals="9" methods="10" coveredmethods="10"/>
        <line num="14" count="3" type="stmt"/>
        <line num="19" count="3" type="stmt"/>
        <line num="25" count="4009" type="stmt"/>
        <line num="29" count="4009" type="stmt"/>
        <line num="37" count="4009" type="stmt"/>
        <line num="39" count="4009" type="cond" truecount="2" falsecount="0"/>
        <line num="40" count="33" type="stmt"/>
        <line num="45" count="33" type="stmt"/>
        <line num="48" count="4009" type="stmt"/>
        <line num="56" count="5" type="stmt"/>
        <line num="57" count="5" type="stmt"/>
        <line num="62" count="5" type="stmt"/>
        <line num="63" count="4009" type="stmt"/>
        <line num="64" count="4009" type="cond" truecount="2" falsecount="0"/>
        <line num="66" count="4009" type="stmt"/>
        <line num="67" count="4009" type="stmt"/>
        <line num="68" count="4009" type="stmt"/>
        <line num="70" count="4009" type="cond" truecount="1" falsecount="1"/>
        <line num="71" count="4009" type="stmt"/>
        <line num="73" count="4009" type="stmt"/>
        <line num="79" count="4009" type="stmt"/>
        <line num="80" count="4009" type="stmt"/>
        <line num="82" count="4009" type="cond" truecount="2" falsecount="0"/>
        <line num="83" count="33" type="stmt"/>
        <line num="84" count="33" type="stmt"/>
        <line num="87" count="4009" type="stmt"/>
        <line num="89" count="4009" type="cond" truecount="2" falsecount="0"/>
        <line num="90" count="92" type="stmt"/>
        <line num="95" count="92" type="stmt"/>
        <line num="96" count="92" type="stmt"/>
        <line num="99" count="4009" type="stmt"/>
        <line num="102" count="5" type="stmt"/>
        <line num="104" count="5" type="stmt"/>
        <line num="105" count="77" type="stmt"/>
        <line num="106" count="33" type="stmt"/>
        <line num="107" count="3917" type="stmt"/>
        <line num="111" count="29" type="stmt"/>
      </file>
      <file name="useSessionDetails.ts" path="/Users/amurisavemylife/Documents/projects/maxbitsolution-test-task/src/entities/session/model/useSessionDetails.ts">
        <metrics statements="19" coveredstatements="18" conditionals="2" coveredconditionals="2" methods="4" coveredmethods="3"/>
        <line num="7" count="2" type="stmt"/>
        <line num="8" count="2" type="stmt"/>
        <line num="9" count="2" type="stmt"/>
        <line num="10" count="2" type="stmt"/>
        <line num="11" count="2" type="stmt"/>
        <line num="14" count="2" type="stmt"/>
        <line num="15" count="2" type="stmt"/>
        <line num="17" count="2" type="stmt"/>
        <line num="18" count="2" type="stmt"/>
        <line num="19" count="1" type="stmt"/>
        <line num="20" count="1" type="stmt"/>
        <line num="21" count="1" type="stmt"/>
        <line num="23" count="1" type="stmt"/>
        <line num="24" count="1" type="cond" truecount="2" falsecount="0"/>
        <line num="26" count="2" type="stmt"/>
        <line num="31" count="0" type="stmt"/>
        <line num="34" count="2" type="stmt"/>
        <line num="35" count="2" type="stmt"/>
        <line num="38" count="2" type="stmt"/>
      </file>
    </package>
    <package name="features.sessions.select-seats">
      <metrics statements="34" coveredstatements="31" conditionals="22" coveredconditionals="19" methods="12" coveredmethods="12"/>
      <file name="useSeatSelection.ts" path="/Users/amurisavemylife/Documents/projects/maxbitsolution-test-task/src/features/sessions/select-seats/useSeatSelection.ts">
        <metrics statements="34" coveredstatements="31" conditionals="22" coveredconditionals="19" methods="12" coveredmethods="12"/>
        <line num="5" count="26" type="stmt"/>
        <line num="14" count="9" type="cond" truecount="2" falsecount="0"/>
        <line num="15" count="7" type="stmt"/>
        <line num="18" count="2" type="stmt"/>
        <line num="19" count="2" type="stmt"/>
        <line num="20" count="2" type="stmt"/>
        <line num="22" count="2" type="cond" truecount="3" falsecount="1"/>
        <line num="23" count="0" type="stmt"/>
        <line num="26" count="2" type="cond" truecount="3" falsecount="1"/>
        <line num="27" count="0" type="stmt"/>
        <line num="31" count="2" type="stmt"/>
        <line num="35" count="7" type="cond" truecount="2" falsecount="0"/>
        <line num="37" count="7" type="stmt"/>
        <line num="40" count="3" type="stmt"/>
        <line num="42" count="2" type="cond" truecount="2" falsecount="0"/>
        <line num="43" count="1" type="stmt"/>
        <line num="46" count="1" type="stmt"/>
        <line num="50" count="6" type="cond" truecount="2" falsecount="0"/>
        <line num="51" count="1" type="stmt"/>
        <line num="54" count="5" type="stmt"/>
        <line num="55" count="5" type="stmt"/>
        <line num="57" count="5" type="cond" truecount="2" falsecount="0"/>
        <line num="58" count="1" type="stmt"/>
        <line num="61" count="6" type="cond" truecount="1" falsecount="1"/>
        <line num="62" count="0" type="stmt"/>
        <line num="65" count="5" type="stmt"/>
        <line num="69" count="1" type="stmt"/>
        <line num="72" count="7" type="stmt"/>
        <line num="75" count="2" type="stmt"/>
        <line num="76" count="2" type="stmt"/>
        <line num="78" count="2" type="cond" truecount="2" falsecount="0"/>
        <line num="79" count="1" type="stmt"/>
        <line num="82" count="1" type="stmt"/>
        <line num="86" count="7" type="stmt"/>
      </file>
    </package>
    <package name="shared.utils">
      <metrics statements="22" coveredstatements="22" conditionals="20" coveredconditionals="20" methods="4" coveredmethods="4"/>
      <file name="validation.ts" path="/Users/amurisavemylife/Documents/projects/maxbitsolution-test-task/src/shared/utils/validation.ts">
        <metrics statements="22" coveredstatements="22" conditionals="20" coveredconditionals="20" methods="4" coveredmethods="4"/>
        <line num="7" count="8" type="cond" truecount="4" falsecount="0"/>
        <line num="8" count="3" type="stmt"/>
        <line num="11" count="5" type="cond" truecount="2" falsecount="0"/>
        <line num="12" count="1" type="stmt"/>
        <line num="15" count="4" type="stmt"/>
        <line num="19" count="8" type="cond" truecount="2" falsecount="0"/>
        <line num="20" count="2" type="stmt"/>
        <line num="23" count="6" type="cond" truecount="2" falsecount="0"/>
        <line num="24" count="1" type="stmt"/>
        <line num="27" count="5" type="cond" truecount="2" falsecount="0"/>
        <line num="28" count="1" type="stmt"/>
        <line num="31" count="4" type="cond" truecount="2" falsecount="0"/>
        <line num="32" count="1" type="stmt"/>
        <line num="35" count="3" type="stmt"/>
        <line num="39" count="3" type="cond" truecount="2" falsecount="0"/>
        <line num="40" count="1" type="stmt"/>
        <line num="43" count="2" type="cond" truecount="2" falsecount="0"/>
        <line num="44" count="1" type="stmt"/>
        <line num="47" count="1" type="stmt"/>
        <line num="51" count="2" type="cond" truecount="2" falsecount="0"/>
        <line num="52" count="1" type="stmt"/>
        <line num="55" count="1" type="stmt"/>
      </file>
    </package>
  </project>
</coverage>
