{"/Users/amurisavemylife/Documents/projects/maxbitsolution-test-task/src/app/providers/router/guards.ts": {"path":"/Users/amurisavemylife/Documents/projects/maxbitsolution-test-task/src/app/providers/router/guards.ts","statementMap":{"0":{"start":{"line":5,"column":2},"end":{"line":20,"column":null}},"1":{"start":{"line":6,"column":10},"end":{"line":6,"column":null}},"2":{"start":{"line":8,"column":4},"end":{"line":13,"column":null}},"3":{"start":{"line":9,"column":6},"end":{"line":12,"column":null}},"4":{"start":{"line":15,"column":4},"end":{"line":17,"column":null}},"5":{"start":{"line":16,"column":6},"end":{"line":16,"column":null}},"6":{"start":{"line":19,"column":4},"end":{"line":19,"column":null}}},"fnMap":{"0":{"name":"registerRouterGuards","decl":{"start":{"line":4,"column":16},"end":{"line":4,"column":37}},"loc":{"start":{"line":4,"column":53},"end":{"line":21,"column":null}},"line":4},"1":{"name":"(anonymous_1)","decl":{"start":{"line":5,"column":20},"end":{"line":5,"column":21}},"loc":{"start":{"line":5,"column":41},"end":{"line":20,"column":3}},"line":5}},"branchMap":{"0":{"loc":{"start":{"line":8,"column":4},"end":{"line":13,"column":null}},"type":"if","locations":[{"start":{"line":8,"column":4},"end":{"line":13,"column":null}},{"start":{},"end":{}}],"line":8},"1":{"loc":{"start":{"line":8,"column":8},"end":{"line":8,"column":60}},"type":"binary-expr","locations":[{"start":{"line":8,"column":8},"end":{"line":8,"column":32}},{"start":{"line":8,"column":32},"end":{"line":8,"column":60}}],"line":8},"2":{"loc":{"start":{"line":15,"column":4},"end":{"line":17,"column":null}},"type":"if","locations":[{"start":{"line":15,"column":4},"end":{"line":17,"column":null}},{"start":{},"end":{}}],"line":15},"3":{"loc":{"start":{"line":15,"column":4},"end":{"line":15,"column":86}},"type":"binary-expr","locations":[{"start":{"line":15,"column":9},"end":{"line":15,"column":32}},{"start":{"line":15,"column":32},"end":{"line":15,"column":59}},{"start":{"line":15,"column":59},"end":{"line":15,"column":86}}],"line":15}},"s":{"0":2,"1":4,"2":4,"3":1,"4":3,"5":1,"6":2},"f":{"0":2,"1":4},"b":{"0":[1,3],"1":[4,2],"2":[1,2],"3":[3,1,2]},"meta":{"lastBranch":4,"lastFunction":2,"lastStatement":7,"seen":{"f:4:16:4:37":0,"s:5:2:20:Infinity":0,"f:5:20:5:21":1,"s:6:10:6:Infinity":1,"b:8:4:13:Infinity:undefined:undefined:undefined:undefined":0,"s:8:4:13:Infinity":2,"b:8:8:8:32:8:32:8:60":1,"s:9:6:12:Infinity":3,"b:15:4:17:Infinity:undefined:undefined:undefined:undefined":2,"s:15:4:17:Infinity":4,"b:15:9:15:32:15:32:15:59:15:59:15:86":3,"s:16:6:16:Infinity":5,"s:19:4:19:Infinity":6}}}
,"/Users/amurisavemylife/Documents/projects/maxbitsolution-test-task/src/entities/auth/api/auth.api.ts": {"path":"/Users/amurisavemylife/Documents/projects/maxbitsolution-test-task/src/entities/auth/api/auth.api.ts","statementMap":{"0":{"start":{"line":17,"column":2},"end":{"line":19,"column":null}},"1":{"start":{"line":18,"column":4},"end":{"line":18,"column":null}},"2":{"start":{"line":21,"column":2},"end":{"line":21,"column":null}},"3":{"start":{"line":25,"column":19},"end":{"line":30,"column":null}},"4":{"start":{"line":32,"column":2},"end":{"line":32,"column":null}},"5":{"start":{"line":36,"column":19},"end":{"line":41,"column":null}},"6":{"start":{"line":43,"column":2},"end":{"line":43,"column":null}}},"fnMap":{"0":{"name":"ensureToken","decl":{"start":{"line":16,"column":9},"end":{"line":16,"column":21}},"loc":{"start":{"line":16,"column":65},"end":{"line":22,"column":null}},"line":16},"1":{"name":"login","decl":{"start":{"line":24,"column":22},"end":{"line":24,"column":28}},"loc":{"start":{"line":24,"column":74},"end":{"line":33,"column":null}},"line":24},"2":{"name":"register","decl":{"start":{"line":35,"column":22},"end":{"line":35,"column":31}},"loc":{"start":{"line":35,"column":80},"end":{"line":44,"column":null}},"line":35}},"branchMap":{"0":{"loc":{"start":{"line":17,"column":2},"end":{"line":19,"column":null}},"type":"if","locations":[{"start":{"line":17,"column":2},"end":{"line":19,"column":null}},{"start":{},"end":{}}],"line":17}},"s":{"0":3,"1":2,"2":1,"3":2,"4":2,"5":1,"6":1},"f":{"0":3,"1":2,"2":1},"b":{"0":[2,1]},"meta":{"lastBranch":1,"lastFunction":3,"lastStatement":7,"seen":{"f:16:9:16:21":0,"b:17:2:19:Infinity:undefined:undefined:undefined:undefined":0,"s:17:2:19:Infinity":0,"s:18:4:18:Infinity":1,"s:21:2:21:Infinity":2,"f:24:22:24:28":1,"s:25:19:30:Infinity":3,"s:32:2:32:Infinity":4,"f:35:22:35:31":2,"s:36:19:41:Infinity":5,"s:43:2:43:Infinity":6}}}
,"/Users/amurisavemylife/Documents/projects/maxbitsolution-test-task/src/entities/auth/model/auth.store.ts": {"path":"/Users/amurisavemylife/Documents/projects/maxbitsolution-test-task/src/entities/auth/model/auth.store.ts","statementMap":{"0":{"start":{"line":6,"column":20},"end":{"line":6,"column":null}},"1":{"start":{"line":9,"column":13},"end":{"line":40,"column":null}},"2":{"start":{"line":10,"column":8},"end":{"line":10,"column":null}},"3":{"start":{"line":11,"column":8},"end":{"line":11,"column":null}},"4":{"start":{"line":13,"column":2},"end":{"line":13,"column":null}},"5":{"start":{"line":13,"column":25},"end":{"line":13,"column":36}},"6":{"start":{"line":15,"column":8},"end":{"line":15,"column":null}},"7":{"start":{"line":15,"column":41},"end":{"line":15,"column":61}},"8":{"start":{"line":18,"column":4},"end":{"line":18,"column":null}},"9":{"start":{"line":19,"column":4},"end":{"line":19,"column":null}},"10":{"start":{"line":23,"column":4},"end":{"line":23,"column":null}},"11":{"start":{"line":27,"column":4},"end":{"line":27,"column":null}},"12":{"start":{"line":28,"column":4},"end":{"line":28,"column":null}},"13":{"start":{"line":29,"column":4},"end":{"line":29,"column":null}},"14":{"start":{"line":32,"column":2},"end":{"line":39,"column":null}}},"fnMap":{"0":{"name":"(anonymous_0)","decl":{"start":{"line":9,"column":48},"end":{"line":9,"column":54}},"loc":{"start":{"line":9,"column":54},"end":{"line":40,"column":1}},"line":9},"1":{"name":"(anonymous_1)","decl":{"start":{"line":13,"column":19},"end":{"line":13,"column":25}},"loc":{"start":{"line":13,"column":25},"end":{"line":13,"column":36}},"line":13},"2":{"name":"(anonymous_2)","decl":{"start":{"line":15,"column":35},"end":{"line":15,"column":41}},"loc":{"start":{"line":15,"column":41},"end":{"line":15,"column":61}},"line":15},"3":{"name":"setAuthToken","decl":{"start":{"line":17,"column":11},"end":{"line":17,"column":24}},"loc":{"start":{"line":17,"column":39},"end":{"line":20,"column":null}},"line":17},"4":{"name":"setUsername","decl":{"start":{"line":22,"column":11},"end":{"line":22,"column":23}},"loc":{"start":{"line":22,"column":45},"end":{"line":24,"column":null}},"line":22},"5":{"name":"clearAuth","decl":{"start":{"line":26,"column":11},"end":{"line":26,"column":23}},"loc":{"start":{"line":26,"column":23},"end":{"line":30,"column":null}},"line":26}},"branchMap":{},"s":{"0":3,"1":3,"2":6,"3":6,"4":6,"5":0,"6":6,"7":5,"8":4,"9":4,"10":1,"11":1,"12":1,"13":1,"14":6},"f":{"0":6,"1":0,"2":5,"3":4,"4":1,"5":1},"b":{},"meta":{"lastBranch":0,"lastFunction":6,"lastStatement":15,"seen":{"s:6:20:6:Infinity":0,"s:9:13:40:Infinity":1,"f:9:48:9:54":0,"s:10:8:10:Infinity":2,"s:11:8:11:Infinity":3,"s:13:2:13:Infinity":4,"f:13:19:13:25":1,"s:13:25:13:36":5,"s:15:8:15:Infinity":6,"f:15:35:15:41":2,"s:15:41:15:61":7,"f:17:11:17:24":3,"s:18:4:18:Infinity":8,"s:19:4:19:Infinity":9,"f:22:11:22:23":4,"s:23:4:23:Infinity":10,"f:26:11:26:23":5,"s:27:4:27:Infinity":11,"s:28:4:28:Infinity":12,"s:29:4:29:Infinity":13,"s:32:2:39:Infinity":14}}}
,"/Users/amurisavemylife/Documents/projects/maxbitsolution-test-task/src/entities/booking/api/booking.api.ts": {"path":"/Users/amurisavemylife/Documents/projects/maxbitsolution-test-task/src/entities/booking/api/booking.api.ts","statementMap":{"0":{"start":{"line":6,"column":2},"end":{"line":9,"column":null}},"1":{"start":{"line":13,"column":2},"end":{"line":21,"column":null}},"2":{"start":{"line":25,"column":2},"end":{"line":27,"column":null}},"3":{"start":{"line":31,"column":19},"end":{"line":31,"column":null}},"4":{"start":{"line":32,"column":2},"end":{"line":32,"column":null}},"5":{"start":{"line":36,"column":19},"end":{"line":36,"column":null}},"6":{"start":{"line":37,"column":2},"end":{"line":37,"column":null}},"7":{"start":{"line":41,"column":2},"end":{"line":41,"column":null}}},"fnMap":{"0":{"name":"mapSeat","decl":{"start":{"line":5,"column":9},"end":{"line":5,"column":17}},"loc":{"start":{"line":5,"column":58},"end":{"line":10,"column":null}},"line":5},"1":{"name":"mapBooking","decl":{"start":{"line":12,"column":9},"end":{"line":12,"column":20}},"loc":{"start":{"line":12,"column":50},"end":{"line":22,"column":null}},"line":12},"2":{"name":"mapSettings","decl":{"start":{"line":24,"column":9},"end":{"line":24,"column":21}},"loc":{"start":{"line":24,"column":58},"end":{"line":28,"column":null}},"line":24},"3":{"name":"fetchBookings","decl":{"start":{"line":30,"column":22},"end":{"line":30,"column":61}},"loc":{"start":{"line":30,"column":61},"end":{"line":33,"column":null}},"line":30},"4":{"name":"fetchSettings","decl":{"start":{"line":35,"column":22},"end":{"line":35,"column":64}},"loc":{"start":{"line":35,"column":64},"end":{"line":38,"column":null}},"line":35},"5":{"name":"payBooking","decl":{"start":{"line":40,"column":22},"end":{"line":40,"column":33}},"loc":{"start":{"line":40,"column":52},"end":{"line":42,"column":null}},"line":40}},"branchMap":{"0":{"loc":{"start":{"line":7,"column":15},"end":{"line":7,"column":null}},"type":"binary-expr","locations":[{"start":{"line":7,"column":15},"end":{"line":7,"column":33}},{"start":{"line":7,"column":33},"end":{"line":7,"column":null}}],"line":7},"1":{"loc":{"start":{"line":8,"column":16},"end":{"line":8,"column":null}},"type":"binary-expr","locations":[{"start":{"line":8,"column":16},"end":{"line":8,"column":35}},{"start":{"line":8,"column":35},"end":{"line":8,"column":null}}],"line":8},"2":{"loc":{"start":{"line":14,"column":8},"end":{"line":14,"column":null}},"type":"binary-expr","locations":[{"start":{"line":14,"column":8},"end":{"line":14,"column":22}},{"start":{"line":14,"column":22},"end":{"line":14,"column":null}}],"line":14},"3":{"loc":{"start":{"line":15,"column":12},"end":{"line":15,"column":null}},"type":"binary-expr","locations":[{"start":{"line":15,"column":12},"end":{"line":15,"column":30}},{"start":{"line":15,"column":30},"end":{"line":15,"column":null}}],"line":15},"4":{"loc":{"start":{"line":16,"column":20},"end":{"line":16,"column":null}},"type":"binary-expr","locations":[{"start":{"line":16,"column":20},"end":{"line":16,"column":46}},{"start":{"line":16,"column":46},"end":{"line":16,"column":null}}],"line":16},"5":{"loc":{"start":{"line":17,"column":15},"end":{"line":17,"column":null}},"type":"binary-expr","locations":[{"start":{"line":17,"column":15},"end":{"line":17,"column":36}},{"start":{"line":17,"column":36},"end":{"line":17,"column":null}}],"line":17},"6":{"loc":{"start":{"line":18,"column":14},"end":{"line":18,"column":null}},"type":"binary-expr","locations":[{"start":{"line":18,"column":14},"end":{"line":18,"column":34}},{"start":{"line":18,"column":34},"end":{"line":18,"column":null}}],"line":18},"7":{"loc":{"start":{"line":19,"column":12},"end":{"line":19,"column":33}},"type":"binary-expr","locations":[{"start":{"line":19,"column":12},"end":{"line":19,"column":29}},{"start":{"line":19,"column":29},"end":{"line":19,"column":33}}],"line":19},"8":{"loc":{"start":{"line":20,"column":12},"end":{"line":20,"column":null}},"type":"binary-expr","locations":[{"start":{"line":20,"column":12},"end":{"line":20,"column":30}},{"start":{"line":20,"column":30},"end":{"line":20,"column":null}}],"line":20},"9":{"loc":{"start":{"line":26,"column":31},"end":{"line":26,"column":null}},"type":"binary-expr","locations":[{"start":{"line":26,"column":31},"end":{"line":26,"column":69}},{"start":{"line":26,"column":69},"end":{"line":26,"column":null}}],"line":26}},"s":{"0":1,"1":2,"2":2,"3":2,"4":2,"5":2,"6":2,"7":1},"f":{"0":1,"1":2,"2":2,"3":2,"4":2,"5":1},"b":{"0":[1,1],"1":[1,1],"2":[2,1],"3":[2,1],"4":[2,1],"5":[2,1],"6":[2,1],"7":[2,1],"8":[2,1],"9":[2,1]},"meta":{"lastBranch":10,"lastFunction":6,"lastStatement":8,"seen":{"f:5:9:5:17":0,"s:6:2:9:Infinity":0,"b:7:15:7:33:7:33:7:Infinity":0,"b:8:16:8:35:8:35:8:Infinity":1,"f:12:9:12:20":1,"s:13:2:21:Infinity":1,"b:14:8:14:22:14:22:14:Infinity":2,"b:15:12:15:30:15:30:15:Infinity":3,"b:16:20:16:46:16:46:16:Infinity":4,"b:17:15:17:36:17:36:17:Infinity":5,"b:18:14:18:34:18:34:18:Infinity":6,"b:19:12:19:29:19:29:19:33":7,"b:20:12:20:30:20:30:20:Infinity":8,"f:24:9:24:21":2,"s:25:2:27:Infinity":2,"b:26:31:26:69:26:69:26:Infinity":9,"f:30:22:30:61":3,"s:31:19:31:Infinity":3,"s:32:2:32:Infinity":4,"f:35:22:35:64":4,"s:36:19:36:Infinity":5,"s:37:2:37:Infinity":6,"f:40:22:40:33":5,"s:41:2:41:Infinity":7}}}
,"/Users/amurisavemylife/Documents/projects/maxbitsolution-test-task/src/entities/booking/model/useBookings.ts": {"path":"/Users/amurisavemylife/Documents/projects/maxbitsolution-test-task/src/entities/booking/model/useBookings.ts","statementMap":{"0":{"start":{"line":17,"column":2},"end":{"line":17,"column":null}},"1":{"start":{"line":17,"column":29},"end":{"line":17,"column":69}},"2":{"start":{"line":21,"column":18},"end":{"line":21,"column":null}},"3":{"start":{"line":22,"column":2},"end":{"line":22,"column":null}},"4":{"start":{"line":23,"column":2},"end":{"line":23,"column":null}},"5":{"start":{"line":27,"column":8},"end":{"line":27,"column":null}},"6":{"start":{"line":28,"column":8},"end":{"line":28,"column":null}},"7":{"start":{"line":29,"column":8},"end":{"line":29,"column":null}},"8":{"start":{"line":30,"column":8},"end":{"line":30,"column":null}},"9":{"start":{"line":31,"column":8},"end":{"line":31,"column":null}},"10":{"start":{"line":33,"column":8},"end":{"line":91,"column":null}},"11":{"start":{"line":34,"column":17},"end":{"line":34,"column":null}},"12":{"start":{"line":39,"column":8},"end":{"line":43,"column":null}},"13":{"start":{"line":45,"column":4},"end":{"line":81,"column":null}},"14":{"start":{"line":47,"column":8},"end":{"line":47,"column":null}},"15":{"start":{"line":48,"column":6},"end":{"line":48,"column":null}},"16":{"start":{"line":48,"column":20},"end":{"line":48,"column":null}},"17":{"start":{"line":50,"column":20},"end":{"line":50,"column":null}},"18":{"start":{"line":50,"column":47},"end":{"line":50,"column":74}},"19":{"start":{"line":51,"column":21},"end":{"line":51,"column":null}},"20":{"start":{"line":51,"column":49},"end":{"line":51,"column":77}},"21":{"start":{"line":53,"column":44},"end":{"line":62,"column":null}},"22":{"start":{"line":64,"column":6},"end":{"line":69,"column":null}},"23":{"start":{"line":65,"column":8},"end":{"line":68,"column":null}},"24":{"start":{"line":71,"column":26},"end":{"line":71,"column":null}},"25":{"start":{"line":72,"column":18},"end":{"line":72,"column":null}},"26":{"start":{"line":74,"column":6},"end":{"line":80,"column":null}},"27":{"start":{"line":75,"column":8},"end":{"line":75,"column":null}},"28":{"start":{"line":76,"column":6},"end":{"line":80,"column":null}},"29":{"start":{"line":77,"column":8},"end":{"line":77,"column":null}},"30":{"start":{"line":79,"column":8},"end":{"line":79,"column":null}},"31":{"start":{"line":83,"column":23},"end":{"line":84,"column":null}},"32":{"start":{"line":84,"column":6},"end":{"line":84,"column":null}},"33":{"start":{"line":86,"column":4},"end":{"line":86,"column":null}},"34":{"start":{"line":87,"column":4},"end":{"line":87,"column":null}},"35":{"start":{"line":88,"column":4},"end":{"line":88,"column":null}},"36":{"start":{"line":90,"column":4},"end":{"line":90,"column":null}},"37":{"start":{"line":94,"column":4},"end":{"line":94,"column":null}},"38":{"start":{"line":95,"column":4},"end":{"line":95,"column":null}},"39":{"start":{"line":97,"column":4},"end":{"line":118,"column":null}},"40":{"start":{"line":98,"column":43},"end":{"line":98,"column":null}},"41":{"start":{"line":99,"column":6},"end":{"line":99,"column":null}},"42":{"start":{"line":100,"column":6},"end":{"line":100,"column":null}},"43":{"start":{"line":102,"column":19},"end":{"line":102,"column":null}},"44":{"start":{"line":103,"column":6},"end":{"line":103,"column":null}},"45":{"start":{"line":105,"column":6},"end":{"line":112,"column":null}},"46":{"start":{"line":107,"column":10},"end":{"line":110,"column":null}},"47":{"start":{"line":108,"column":35},"end":{"line":108,"column":null}},"48":{"start":{"line":109,"column":12},"end":{"line":109,"column":null}},"49":{"start":{"line":114,"column":12},"end":{"line":114,"column":null}},"50":{"start":{"line":115,"column":6},"end":{"line":115,"column":null}},"51":{"start":{"line":117,"column":6},"end":{"line":117,"column":null}},"52":{"start":{"line":122,"column":4},"end":{"line":122,"column":null}},"53":{"start":{"line":123,"column":4},"end":{"line":123,"column":null}},"54":{"start":{"line":127,"column":4},"end":{"line":127,"column":null}},"55":{"start":{"line":127,"column":56},"end":{"line":127,"column":80}},"56":{"start":{"line":130,"column":2},"end":{"line":140,"column":null}}},"fnMap":{"0":{"name":"formatSeats","decl":{"start":{"line":16,"column":9},"end":{"line":16,"column":21}},"loc":{"start":{"line":16,"column":56},"end":{"line":18,"column":null}},"line":16},"1":{"name":"(anonymous_1)","decl":{"start":{"line":17,"column":19},"end":{"line":17,"column":20}},"loc":{"start":{"line":17,"column":29},"end":{"line":17,"column":69}},"line":17},"2":{"name":"computeExpiresAt","decl":{"start":{"line":20,"column":9},"end":{"line":20,"column":26}},"loc":{"start":{"line":20,"column":68},"end":{"line":24,"column":null}},"line":20},"3":{"name":"useBookings","decl":{"start":{"line":26,"column":16},"end":{"line":26,"column":28}},"loc":{"start":{"line":26,"column":62},"end":{"line":141,"column":null}},"line":26},"4":{"name":"(anonymous_4)","decl":{"start":{"line":33,"column":27},"end":{"line":33,"column":33}},"loc":{"start":{"line":33,"column":33},"end":{"line":91,"column":3}},"line":33},"5":{"name":"(anonymous_5)","decl":{"start":{"line":45,"column":27},"end":{"line":45,"column":28}},"loc":{"start":{"line":45,"column":40},"end":{"line":81,"column":5}},"line":45},"6":{"name":"(anonymous_6)","decl":{"start":{"line":50,"column":37},"end":{"line":50,"column":38}},"loc":{"start":{"line":50,"column":47},"end":{"line":50,"column":74}},"line":50},"7":{"name":"(anonymous_7)","decl":{"start":{"line":51,"column":39},"end":{"line":51,"column":40}},"loc":{"start":{"line":51,"column":49},"end":{"line":51,"column":77}},"line":51},"8":{"name":"(anonymous_8)","decl":{"start":{"line":83,"column":23},"end":{"line":83,"column":24}},"loc":{"start":{"line":84,"column":6},"end":{"line":84,"column":null}},"line":84},"9":{"name":"loadAll","decl":{"start":{"line":93,"column":17},"end":{"line":93,"column":27}},"loc":{"start":{"line":93,"column":27},"end":{"line":119,"column":null}},"line":93},"10":{"name":"(anonymous_10)","decl":{"start":{"line":106,"column":25},"end":{"line":106,"column":32}},"loc":{"start":{"line":106,"column":44},"end":{"line":111,"column":9}},"line":106},"11":{"name":"pay","decl":{"start":{"line":121,"column":17},"end":{"line":121,"column":21}},"loc":{"start":{"line":121,"column":40},"end":{"line":124,"column":null}},"line":121},"12":{"name":"removeBooking","decl":{"start":{"line":126,"column":11},"end":{"line":126,"column":25}},"loc":{"start":{"line":126,"column":44},"end":{"line":128,"column":null}},"line":126},"13":{"name":"(anonymous_13)","decl":{"start":{"line":127,"column":43},"end":{"line":127,"column":44}},"loc":{"start":{"line":127,"column":56},"end":{"line":127,"column":80}},"line":127}},"branchMap":{"0":{"loc":{"start":{"line":47,"column":8},"end":{"line":47,"column":null}},"type":"binary-expr","locations":[{"start":{"line":47,"column":8},"end":{"line":47,"column":49}},{"start":{"line":47,"column":49},"end":{"line":47,"column":null}}],"line":47},"1":{"loc":{"start":{"line":48,"column":6},"end":{"line":48,"column":null}},"type":"if","locations":[{"start":{"line":48,"column":6},"end":{"line":48,"column":null}},{"start":{},"end":{}}],"line":48},"2":{"loc":{"start":{"line":55,"column":20},"end":{"line":55,"column":null}},"type":"binary-expr","locations":[{"start":{"line":55,"column":20},"end":{"line":55,"column":36}},{"start":{"line":55,"column":36},"end":{"line":55,"column":null}}],"line":55},"3":{"loc":{"start":{"line":56,"column":20},"end":{"line":56,"column":null}},"type":"binary-expr","locations":[{"start":{"line":56,"column":20},"end":{"line":56,"column":36}},{"start":{"line":56,"column":36},"end":{"line":56,"column":null}}],"line":56},"4":{"loc":{"start":{"line":64,"column":6},"end":{"line":69,"column":null}},"type":"if","locations":[{"start":{"line":64,"column":6},"end":{"line":69,"column":null}},{"start":{},"end":{}}],"line":64},"5":{"loc":{"start":{"line":64,"column":10},"end":{"line":64,"column":45}},"type":"binary-expr","locations":[{"start":{"line":64,"column":10},"end":{"line":64,"column":29}},{"start":{"line":64,"column":29},"end":{"line":64,"column":45}}],"line":64},"6":{"loc":{"start":{"line":74,"column":6},"end":{"line":80,"column":null}},"type":"if","locations":[{"start":{"line":74,"column":6},"end":{"line":80,"column":null}},{"start":{"line":76,"column":6},"end":{"line":80,"column":null}}],"line":74},"7":{"loc":{"start":{"line":76,"column":6},"end":{"line":80,"column":null}},"type":"if","locations":[{"start":{"line":76,"column":6},"end":{"line":80,"column":null}},{"start":{"line":78,"column":13},"end":{"line":80,"column":null}}],"line":76},"8":{"loc":{"start":{"line":107,"column":10},"end":{"line":110,"column":null}},"type":"if","locations":[{"start":{"line":107,"column":10},"end":{"line":110,"column":null}},{"start":{},"end":{}}],"line":107},"9":{"loc":{"start":{"line":115,"column":20},"end":{"line":115,"column":null}},"type":"binary-expr","locations":[{"start":{"line":115,"column":20},"end":{"line":115,"column":51}},{"start":{"line":115,"column":51},"end":{"line":115,"column":null}}],"line":115}},"s":{"0":1,"1":2,"2":1,"3":1,"4":1,"5":7,"6":7,"7":7,"8":7,"9":7,"10":7,"11":3,"12":3,"13":3,"14":4,"15":4,"16":0,"17":4,"18":5,"19":4,"20":5,"21":4,"22":4,"23":1,"24":4,"25":4,"26":4,"27":2,"28":2,"29":1,"30":1,"31":3,"32":0,"33":3,"34":3,"35":3,"36":3,"37":3,"38":3,"39":3,"40":3,"41":2,"42":2,"43":2,"44":2,"45":2,"46":2,"47":1,"48":1,"49":1,"50":1,"51":3,"52":1,"53":1,"54":1,"55":1,"56":7},"f":{"0":1,"1":2,"2":1,"3":7,"4":3,"5":4,"6":5,"7":5,"8":0,"9":3,"10":2,"11":1,"12":1,"13":1},"b":{"0":[4,1],"1":[0,4],"2":[4,0],"3":[4,0],"4":[1,3],"5":[4,2],"6":[2,2],"7":[1,1],"8":[1,1],"9":[1,1]},"meta":{"lastBranch":10,"lastFunction":14,"lastStatement":57,"seen":{"f:16:9:16:21":0,"s:17:2:17:Infinity":0,"f:17:19:17:20":1,"s:17:29:17:69":1,"f:20:9:20:26":2,"s:21:18:21:Infinity":2,"s:22:2:22:Infinity":3,"s:23:2:23:Infinity":4,"f:26:16:26:28":3,"s:27:8:27:Infinity":5,"s:28:8:28:Infinity":6,"s:29:8:29:Infinity":7,"s:30:8:30:Infinity":8,"s:31:8:31:Infinity":9,"s:33:8:91:Infinity":10,"f:33:27:33:33":4,"s:34:17:34:Infinity":11,"s:39:8:43:Infinity":12,"s:45:4:81:Infinity":13,"f:45:27:45:28":5,"s:47:8:47:Infinity":14,"b:47:8:47:49:47:49:47:Infinity":0,"b:48:6:48:Infinity:undefined:undefined:undefined:undefined":1,"s:48:6:48:Infinity":15,"s:48:20:48:Infinity":16,"s:50:20:50:Infinity":17,"f:50:37:50:38":6,"s:50:47:50:74":18,"s:51:21:51:Infinity":19,"f:51:39:51:40":7,"s:51:49:51:77":20,"s:53:44:62:Infinity":21,"b:55:20:55:36:55:36:55:Infinity":2,"b:56:20:56:36:56:36:56:Infinity":3,"b:64:6:69:Infinity:undefined:undefined:undefined:undefined":4,"s:64:6:69:Infinity":22,"b:64:10:64:29:64:29:64:45":5,"s:65:8:68:Infinity":23,"s:71:26:71:Infinity":24,"s:72:18:72:Infinity":25,"b:74:6:80:Infinity:76:6:80:Infinity":6,"s:74:6:80:Infinity":26,"s:75:8:75:Infinity":27,"b:76:6:80:Infinity:78:13:80:Infinity":7,"s:76:6:80:Infinity":28,"s:77:8:77:Infinity":29,"s:79:8:79:Infinity":30,"s:83:23:84:Infinity":31,"f:83:23:83:24":8,"s:84:6:84:Infinity":32,"s:86:4:86:Infinity":33,"s:87:4:87:Infinity":34,"s:88:4:88:Infinity":35,"s:90:4:90:Infinity":36,"f:93:17:93:27":9,"s:94:4:94:Infinity":37,"s:95:4:95:Infinity":38,"s:97:4:118:Infinity":39,"s:98:43:98:Infinity":40,"s:99:6:99:Infinity":41,"s:100:6:100:Infinity":42,"s:102:19:102:Infinity":43,"s:103:6:103:Infinity":44,"s:105:6:112:Infinity":45,"f:106:25:106:32":10,"b:107:10:110:Infinity:undefined:undefined:undefined:undefined":8,"s:107:10:110:Infinity":46,"s:108:35:108:Infinity":47,"s:109:12:109:Infinity":48,"s:114:12:114:Infinity":49,"s:115:6:115:Infinity":50,"b:115:20:115:51:115:51:115:Infinity":9,"s:117:6:117:Infinity":51,"f:121:17:121:21":11,"s:122:4:122:Infinity":52,"s:123:4:123:Infinity":53,"f:126:11:126:25":12,"s:127:4:127:Infinity":54,"f:127:43:127:44":13,"s:127:56:127:80":55,"s:130:2:140:Infinity":56}}}
,"/Users/amurisavemylife/Documents/projects/maxbitsolution-test-task/src/entities/cinema/api/cinema.api.ts": {"path":"/Users/amurisavemylife/Documents/projects/maxbitsolution-test-task/src/entities/cinema/api/cinema.api.ts","statementMap":{"0":{"start":{"line":6,"column":2},"end":{"line":10,"column":null}},"1":{"start":{"line":14,"column":2},"end":{"line":19,"column":null}},"2":{"start":{"line":23,"column":18},"end":{"line":23,"column":null}},"3":{"start":{"line":24,"column":2},"end":{"line":24,"column":null}},"4":{"start":{"line":28,"column":18},"end":{"line":28,"column":null}},"5":{"start":{"line":29,"column":17},"end":{"line":29,"column":null}},"6":{"start":{"line":29,"column":40},"end":{"line":29,"column":54}},"7":{"start":{"line":31,"column":2},"end":{"line":33,"column":null}},"8":{"start":{"line":32,"column":4},"end":{"line":32,"column":null}},"9":{"start":{"line":35,"column":2},"end":{"line":35,"column":null}},"10":{"start":{"line":39,"column":19},"end":{"line":39,"column":null}},"11":{"start":{"line":40,"column":2},"end":{"line":40,"column":null}}},"fnMap":{"0":{"name":"mapCinema","decl":{"start":{"line":5,"column":9},"end":{"line":5,"column":19}},"loc":{"start":{"line":5,"column":46},"end":{"line":11,"column":null}},"line":5},"1":{"name":"mapSession","decl":{"start":{"line":13,"column":9},"end":{"line":13,"column":20}},"loc":{"start":{"line":13,"column":61},"end":{"line":20,"column":null}},"line":13},"2":{"name":"fetchCinemas","decl":{"start":{"line":22,"column":22},"end":{"line":22,"column":59}},"loc":{"start":{"line":22,"column":59},"end":{"line":25,"column":null}},"line":22},"3":{"name":"fetchCinemaById","decl":{"start":{"line":27,"column":22},"end":{"line":27,"column":38}},"loc":{"start":{"line":27,"column":70},"end":{"line":36,"column":null}},"line":27},"4":{"name":"(anonymous_4)","decl":{"start":{"line":29,"column":30},"end":{"line":29,"column":31}},"loc":{"start":{"line":29,"column":40},"end":{"line":29,"column":54}},"line":29},"5":{"name":"fetchCinemaSessions","decl":{"start":{"line":38,"column":22},"end":{"line":38,"column":42}},"loc":{"start":{"line":38,"column":89},"end":{"line":41,"column":null}},"line":38}},"branchMap":{"0":{"loc":{"start":{"line":7,"column":8},"end":{"line":7,"column":null}},"type":"binary-expr","locations":[{"start":{"line":7,"column":8},"end":{"line":7,"column":21}},{"start":{"line":7,"column":21},"end":{"line":7,"column":null}}],"line":7},"1":{"loc":{"start":{"line":8,"column":10},"end":{"line":8,"column":null}},"type":"binary-expr","locations":[{"start":{"line":8,"column":10},"end":{"line":8,"column":25}},{"start":{"line":8,"column":25},"end":{"line":8,"column":null}}],"line":8},"2":{"loc":{"start":{"line":9,"column":13},"end":{"line":9,"column":null}},"type":"binary-expr","locations":[{"start":{"line":9,"column":13},"end":{"line":9,"column":31}},{"start":{"line":9,"column":31},"end":{"line":9,"column":null}}],"line":9},"3":{"loc":{"start":{"line":15,"column":8},"end":{"line":15,"column":null}},"type":"binary-expr","locations":[{"start":{"line":15,"column":8},"end":{"line":15,"column":22}},{"start":{"line":15,"column":22},"end":{"line":15,"column":null}}],"line":15},"4":{"loc":{"start":{"line":16,"column":13},"end":{"line":16,"column":null}},"type":"binary-expr","locations":[{"start":{"line":16,"column":13},"end":{"line":16,"column":32}},{"start":{"line":16,"column":32},"end":{"line":16,"column":null}}],"line":16},"5":{"loc":{"start":{"line":17,"column":14},"end":{"line":17,"column":null}},"type":"binary-expr","locations":[{"start":{"line":17,"column":14},"end":{"line":17,"column":34}},{"start":{"line":17,"column":34},"end":{"line":17,"column":null}}],"line":17},"6":{"loc":{"start":{"line":18,"column":15},"end":{"line":18,"column":null}},"type":"binary-expr","locations":[{"start":{"line":18,"column":15},"end":{"line":18,"column":36}},{"start":{"line":18,"column":36},"end":{"line":18,"column":null}}],"line":18},"7":{"loc":{"start":{"line":31,"column":2},"end":{"line":33,"column":null}},"type":"if","locations":[{"start":{"line":31,"column":2},"end":{"line":33,"column":null}},{"start":{},"end":{}}],"line":31}},"s":{"0":3,"1":2,"2":2,"3":2,"4":2,"5":2,"6":1,"7":2,"8":1,"9":1,"10":2,"11":2},"f":{"0":3,"1":2,"2":2,"3":2,"4":1,"5":2},"b":{"0":[3,1],"1":[3,1],"2":[3,1],"3":[2,1],"4":[2,1],"5":[2,1],"6":[2,1],"7":[1,1]},"meta":{"lastBranch":8,"lastFunction":6,"lastStatement":12,"seen":{"f:5:9:5:19":0,"s:6:2:10:Infinity":0,"b:7:8:7:21:7:21:7:Infinity":0,"b:8:10:8:25:8:25:8:Infinity":1,"b:9:13:9:31:9:31:9:Infinity":2,"f:13:9:13:20":1,"s:14:2:19:Infinity":1,"b:15:8:15:22:15:22:15:Infinity":3,"b:16:13:16:32:16:32:16:Infinity":4,"b:17:14:17:34:17:34:17:Infinity":5,"b:18:15:18:36:18:36:18:Infinity":6,"f:22:22:22:59":2,"s:23:18:23:Infinity":2,"s:24:2:24:Infinity":3,"f:27:22:27:38":3,"s:28:18:28:Infinity":4,"s:29:17:29:Infinity":5,"f:29:30:29:31":4,"s:29:40:29:54":6,"b:31:2:33:Infinity:undefined:undefined:undefined:undefined":7,"s:31:2:33:Infinity":7,"s:32:4:32:Infinity":8,"s:35:2:35:Infinity":9,"f:38:22:38:42":5,"s:39:19:39:Infinity":10,"s:40:2:40:Infinity":11}}}
,"/Users/amurisavemylife/Documents/projects/maxbitsolution-test-task/src/entities/movie/api/movie.api.ts": {"path":"/Users/amurisavemylife/Documents/projects/maxbitsolution-test-task/src/entities/movie/api/movie.api.ts","statementMap":{"0":{"start":{"line":6,"column":6},"end":{"line":6,"column":null}},"1":{"start":{"line":9,"column":2},"end":{"line":11,"column":null}},"2":{"start":{"line":10,"column":4},"end":{"line":10,"column":null}},"3":{"start":{"line":13,"column":2},"end":{"line":18,"column":null}},"4":{"start":{"line":14,"column":4},"end":{"line":14,"column":null}},"5":{"start":{"line":16,"column":4},"end":{"line":16,"column":null}},"6":{"start":{"line":17,"column":4},"end":{"line":17,"column":null}},"7":{"start":{"line":22,"column":2},"end":{"line":30,"column":null}},"8":{"start":{"line":34,"column":2},"end":{"line":39,"column":null}},"9":{"start":{"line":43,"column":17},"end":{"line":43,"column":null}},"10":{"start":{"line":44,"column":2},"end":{"line":44,"column":null}},"11":{"start":{"line":48,"column":17},"end":{"line":48,"column":null}},"12":{"start":{"line":49,"column":16},"end":{"line":49,"column":null}},"13":{"start":{"line":49,"column":38},"end":{"line":49,"column":52}},"14":{"start":{"line":51,"column":2},"end":{"line":53,"column":null}},"15":{"start":{"line":52,"column":4},"end":{"line":52,"column":null}},"16":{"start":{"line":55,"column":2},"end":{"line":55,"column":null}},"17":{"start":{"line":59,"column":19},"end":{"line":59,"column":null}},"18":{"start":{"line":60,"column":2},"end":{"line":60,"column":null}}},"fnMap":{"0":{"name":"resolvePosterUrl","decl":{"start":{"line":8,"column":9},"end":{"line":8,"column":26}},"loc":{"start":{"line":8,"column":63},"end":{"line":19,"column":null}},"line":8},"1":{"name":"mapMovie","decl":{"start":{"line":21,"column":9},"end":{"line":21,"column":18}},"loc":{"start":{"line":21,"column":42},"end":{"line":31,"column":null}},"line":21},"2":{"name":"mapSession","decl":{"start":{"line":33,"column":9},"end":{"line":33,"column":20}},"loc":{"start":{"line":33,"column":60},"end":{"line":40,"column":null}},"line":33},"3":{"name":"fetchMovies","decl":{"start":{"line":42,"column":22},"end":{"line":42,"column":57}},"loc":{"start":{"line":42,"column":57},"end":{"line":45,"column":null}},"line":42},"4":{"name":"fetchMovieById","decl":{"start":{"line":47,"column":22},"end":{"line":47,"column":37}},"loc":{"start":{"line":47,"column":68},"end":{"line":56,"column":null}},"line":47},"5":{"name":"(anonymous_5)","decl":{"start":{"line":49,"column":28},"end":{"line":49,"column":29}},"loc":{"start":{"line":49,"column":38},"end":{"line":49,"column":52}},"line":49},"6":{"name":"fetchMovieSessions","decl":{"start":{"line":58,"column":22},"end":{"line":58,"column":41}},"loc":{"start":{"line":58,"column":86},"end":{"line":61,"column":null}},"line":58}},"branchMap":{"0":{"loc":{"start":{"line":9,"column":2},"end":{"line":11,"column":null}},"type":"if","locations":[{"start":{"line":9,"column":2},"end":{"line":11,"column":null}},{"start":{},"end":{}}],"line":9},"1":{"loc":{"start":{"line":23,"column":8},"end":{"line":23,"column":null}},"type":"binary-expr","locations":[{"start":{"line":23,"column":8},"end":{"line":23,"column":20}},{"start":{"line":23,"column":20},"end":{"line":23,"column":null}}],"line":23},"2":{"loc":{"start":{"line":24,"column":11},"end":{"line":24,"column":null}},"type":"binary-expr","locations":[{"start":{"line":24,"column":11},"end":{"line":24,"column":26}},{"start":{"line":24,"column":26},"end":{"line":24,"column":null}}],"line":24},"3":{"loc":{"start":{"line":25,"column":17},"end":{"line":25,"column":null}},"type":"binary-expr","locations":[{"start":{"line":25,"column":17},"end":{"line":25,"column":38}},{"start":{"line":25,"column":38},"end":{"line":25,"column":null}}],"line":25},"4":{"loc":{"start":{"line":26,"column":10},"end":{"line":26,"column":null}},"type":"binary-expr","locations":[{"start":{"line":26,"column":10},"end":{"line":26,"column":24}},{"start":{"line":26,"column":24},"end":{"line":26,"column":null}}],"line":26},"5":{"loc":{"start":{"line":27,"column":19},"end":{"line":27,"column":null}},"type":"binary-expr","locations":[{"start":{"line":27,"column":19},"end":{"line":27,"column":42}},{"start":{"line":27,"column":42},"end":{"line":27,"column":null}}],"line":27},"6":{"loc":{"start":{"line":29,"column":12},"end":{"line":29,"column":null}},"type":"binary-expr","locations":[{"start":{"line":29,"column":12},"end":{"line":29,"column":28}},{"start":{"line":29,"column":28},"end":{"line":29,"column":null}}],"line":29},"7":{"loc":{"start":{"line":35,"column":8},"end":{"line":35,"column":null}},"type":"binary-expr","locations":[{"start":{"line":35,"column":8},"end":{"line":35,"column":22}},{"start":{"line":35,"column":22},"end":{"line":35,"column":null}}],"line":35},"8":{"loc":{"start":{"line":36,"column":13},"end":{"line":36,"column":null}},"type":"binary-expr","locations":[{"start":{"line":36,"column":13},"end":{"line":36,"column":32}},{"start":{"line":36,"column":32},"end":{"line":36,"column":null}}],"line":36},"9":{"loc":{"start":{"line":37,"column":14},"end":{"line":37,"column":null}},"type":"binary-expr","locations":[{"start":{"line":37,"column":14},"end":{"line":37,"column":34}},{"start":{"line":37,"column":34},"end":{"line":37,"column":null}}],"line":37},"10":{"loc":{"start":{"line":38,"column":15},"end":{"line":38,"column":null}},"type":"binary-expr","locations":[{"start":{"line":38,"column":15},"end":{"line":38,"column":36}},{"start":{"line":38,"column":36},"end":{"line":38,"column":null}}],"line":38},"11":{"loc":{"start":{"line":51,"column":2},"end":{"line":53,"column":null}},"type":"if","locations":[{"start":{"line":51,"column":2},"end":{"line":53,"column":null}},{"start":{},"end":{}}],"line":51}},"s":{"0":3,"1":4,"2":1,"3":3,"4":3,"5":1,"6":1,"7":4,"8":1,"9":3,"10":3,"11":2,"12":2,"13":2,"14":2,"15":1,"16":1,"17":1,"18":1},"f":{"0":4,"1":4,"2":1,"3":3,"4":2,"5":2,"6":1},"b":{"0":[1,3],"1":[4,1],"2":[4,1],"3":[4,1],"4":[4,1],"5":[4,1],"6":[4,1],"7":[1,0],"8":[1,0],"9":[1,0],"10":[1,0],"11":[1,1]},"meta":{"lastBranch":12,"lastFunction":7,"lastStatement":19,"seen":{"s:6:6:6:Infinity":0,"f:8:9:8:26":0,"b:9:2:11:Infinity:undefined:undefined:undefined:undefined":0,"s:9:2:11:Infinity":1,"s:10:4:10:Infinity":2,"s:13:2:18:Infinity":3,"s:14:4:14:Infinity":4,"s:16:4:16:Infinity":5,"s:17:4:17:Infinity":6,"f:21:9:21:18":1,"s:22:2:30:Infinity":7,"b:23:8:23:20:23:20:23:Infinity":1,"b:24:11:24:26:24:26:24:Infinity":2,"b:25:17:25:38:25:38:25:Infinity":3,"b:26:10:26:24:26:24:26:Infinity":4,"b:27:19:27:42:27:42:27:Infinity":5,"b:29:12:29:28:29:28:29:Infinity":6,"f:33:9:33:20":2,"s:34:2:39:Infinity":8,"b:35:8:35:22:35:22:35:Infinity":7,"b:36:13:36:32:36:32:36:Infinity":8,"b:37:14:37:34:37:34:37:Infinity":9,"b:38:15:38:36:38:36:38:Infinity":10,"f:42:22:42:57":3,"s:43:17:43:Infinity":9,"s:44:2:44:Infinity":10,"f:47:22:47:37":4,"s:48:17:48:Infinity":11,"s:49:16:49:Infinity":12,"f:49:28:49:29":5,"s:49:38:49:52":13,"b:51:2:53:Infinity:undefined:undefined:undefined:undefined":11,"s:51:2:53:Infinity":14,"s:52:4:52:Infinity":15,"s:55:2:55:Infinity":16,"f:58:22:58:41":6,"s:59:19:59:Infinity":17,"s:60:2:60:Infinity":18}}}
,"/Users/amurisavemylife/Documents/projects/maxbitsolution-test-task/src/entities/session/api/session.api.ts": {"path":"/Users/amurisavemylife/Documents/projects/maxbitsolution-test-task/src/entities/session/api/session.api.ts","statementMap":{"0":{"start":{"line":6,"column":2},"end":{"line":9,"column":null}},"1":{"start":{"line":13,"column":2},"end":{"line":16,"column":null}},"2":{"start":{"line":20,"column":2},"end":{"line":30,"column":null}},"3":{"start":{"line":34,"column":18},"end":{"line":34,"column":null}},"4":{"start":{"line":35,"column":2},"end":{"line":35,"column":null}},"5":{"start":{"line":43,"column":19},"end":{"line":48,"column":null}},"6":{"start":{"line":50,"column":2},"end":{"line":52,"column":null}},"7":{"start":{"line":51,"column":4},"end":{"line":51,"column":null}},"8":{"start":{"line":54,"column":2},"end":{"line":56,"column":null}}},"fnMap":{"0":{"name":"mapSeat","decl":{"start":{"line":5,"column":9},"end":{"line":5,"column":17}},"loc":{"start":{"line":5,"column":45},"end":{"line":10,"column":null}},"line":5},"1":{"name":"toApiSeat","decl":{"start":{"line":12,"column":9},"end":{"line":12,"column":19}},"loc":{"start":{"line":12,"column":47},"end":{"line":17,"column":null}},"line":12},"2":{"name":"mapSessionDetails","decl":{"start":{"line":19,"column":9},"end":{"line":19,"column":27}},"loc":{"start":{"line":19,"column":76},"end":{"line":31,"column":null}},"line":19},"3":{"name":"fetchSessionDetails","decl":{"start":{"line":33,"column":22},"end":{"line":33,"column":42}},"loc":{"start":{"line":33,"column":89},"end":{"line":36,"column":null}},"line":33},"4":{"name":"bookSessionSeats","decl":{"start":{"line":42,"column":22},"end":{"line":42,"column":39}},"loc":{"start":{"line":42,"column":83},"end":{"line":57,"column":null}},"line":42}},"branchMap":{"0":{"loc":{"start":{"line":7,"column":15},"end":{"line":7,"column":null}},"type":"binary-expr","locations":[{"start":{"line":7,"column":15},"end":{"line":7,"column":33}},{"start":{"line":7,"column":33},"end":{"line":7,"column":null}}],"line":7},"1":{"loc":{"start":{"line":8,"column":16},"end":{"line":8,"column":null}},"type":"binary-expr","locations":[{"start":{"line":8,"column":16},"end":{"line":8,"column":35}},{"start":{"line":8,"column":35},"end":{"line":8,"column":null}}],"line":8},"2":{"loc":{"start":{"line":21,"column":8},"end":{"line":21,"column":null}},"type":"binary-expr","locations":[{"start":{"line":21,"column":8},"end":{"line":21,"column":22}},{"start":{"line":21,"column":22},"end":{"line":21,"column":null}}],"line":21},"3":{"loc":{"start":{"line":22,"column":13},"end":{"line":22,"column":null}},"type":"binary-expr","locations":[{"start":{"line":22,"column":13},"end":{"line":22,"column":32}},{"start":{"line":22,"column":32},"end":{"line":22,"column":null}}],"line":22},"4":{"loc":{"start":{"line":23,"column":14},"end":{"line":23,"column":null}},"type":"binary-expr","locations":[{"start":{"line":23,"column":14},"end":{"line":23,"column":34}},{"start":{"line":23,"column":34},"end":{"line":23,"column":null}}],"line":23},"5":{"loc":{"start":{"line":24,"column":15},"end":{"line":24,"column":null}},"type":"binary-expr","locations":[{"start":{"line":24,"column":15},"end":{"line":24,"column":36}},{"start":{"line":24,"column":36},"end":{"line":24,"column":null}}],"line":24},"6":{"loc":{"start":{"line":26,"column":12},"end":{"line":26,"column":null}},"type":"binary-expr","locations":[{"start":{"line":26,"column":12},"end":{"line":26,"column":35}},{"start":{"line":26,"column":35},"end":{"line":26,"column":null}}],"line":26},"7":{"loc":{"start":{"line":27,"column":19},"end":{"line":27,"column":null}},"type":"binary-expr","locations":[{"start":{"line":27,"column":19},"end":{"line":27,"column":49}},{"start":{"line":27,"column":49},"end":{"line":27,"column":null}}],"line":27},"8":{"loc":{"start":{"line":29,"column":18},"end":{"line":29,"column":45}},"type":"binary-expr","locations":[{"start":{"line":29,"column":18},"end":{"line":29,"column":41}},{"start":{"line":29,"column":41},"end":{"line":29,"column":45}}],"line":29},"9":{"loc":{"start":{"line":50,"column":2},"end":{"line":52,"column":null}},"type":"if","locations":[{"start":{"line":50,"column":2},"end":{"line":52,"column":null}},{"start":{},"end":{}}],"line":50}},"s":{"0":1,"1":2,"2":1,"3":1,"4":1,"5":2,"6":2,"7":1,"8":1},"f":{"0":1,"1":2,"2":1,"3":1,"4":2},"b":{"0":[1,0],"1":[1,0],"2":[1,0],"3":[1,0],"4":[1,0],"5":[1,0],"6":[1,0],"7":[1,0],"8":[1,0],"9":[1,1]},"meta":{"lastBranch":10,"lastFunction":5,"lastStatement":9,"seen":{"f:5:9:5:17":0,"s:6:2:9:Infinity":0,"b:7:15:7:33:7:33:7:Infinity":0,"b:8:16:8:35:8:35:8:Infinity":1,"f:12:9:12:19":1,"s:13:2:16:Infinity":1,"f:19:9:19:27":2,"s:20:2:30:Infinity":2,"b:21:8:21:22:21:22:21:Infinity":2,"b:22:13:22:32:22:32:22:Infinity":3,"b:23:14:23:34:23:34:23:Infinity":4,"b:24:15:24:36:24:36:24:Infinity":5,"b:26:12:26:35:26:35:26:Infinity":6,"b:27:19:27:49:27:49:27:Infinity":7,"b:29:18:29:41:29:41:29:45":8,"f:33:22:33:42":3,"s:34:18:34:Infinity":3,"s:35:2:35:Infinity":4,"f:42:22:42:39":4,"s:43:19:48:Infinity":5,"b:50:2:52:Infinity:undefined:undefined:undefined:undefined":9,"s:50:2:52:Infinity":6,"s:51:4:51:Infinity":7,"s:54:2:56:Infinity":8}}}
,"/Users/amurisavemylife/Documents/projects/maxbitsolution-test-task/src/entities/session/model/session.helpers.ts": {"path":"/Users/amurisavemylife/Documents/projects/maxbitsolution-test-task/src/entities/session/model/session.helpers.ts","statementMap":{"0":{"start":{"line":14,"column":22},"end":{"line":17,"column":null}},"1":{"start":{"line":19,"column":22},"end":{"line":22,"column":null}},"2":{"start":{"line":25,"column":2},"end":{"line":25,"column":null}},"3":{"start":{"line":29,"column":2},"end":{"line":29,"column":null}},"4":{"start":{"line":37,"column":14},"end":{"line":37,"column":null}},"5":{"start":{"line":39,"column":2},"end":{"line":46,"column":null}},"6":{"start":{"line":40,"column":4},"end":{"line":44,"column":null}},"7":{"start":{"line":45,"column":4},"end":{"line":45,"column":null}},"8":{"start":{"line":48,"column":2},"end":{"line":48,"column":null}},"9":{"start":{"line":56,"column":17},"end":{"line":56,"column":null}},"10":{"start":{"line":57,"column":25},"end":{"line":60,"column":null}},"11":{"start":{"line":62,"column":2},"end":{"line":100,"column":null}},"12":{"start":{"line":63,"column":21},"end":{"line":63,"column":null}},"13":{"start":{"line":64,"column":23},"end":{"line":64,"column":null}},"14":{"start":{"line":66,"column":22},"end":{"line":66,"column":null}},"15":{"start":{"line":67,"column":22},"end":{"line":67,"column":null}},"16":{"start":{"line":68,"column":27},"end":{"line":68,"column":null}},"17":{"start":{"line":70,"column":6},"end":{"line":70,"column":null}},"18":{"start":{"line":71,"column":22},"end":{"line":71,"column":null}},"19":{"start":{"line":73,"column":38},"end":{"line":77,"column":null}},"20":{"start":{"line":79,"column":21},"end":{"line":79,"column":null}},"21":{"start":{"line":80,"column":23},"end":{"line":80,"column":null}},"22":{"start":{"line":82,"column":4},"end":{"line":85,"column":null}},"23":{"start":{"line":83,"column":6},"end":{"line":83,"column":null}},"24":{"start":{"line":84,"column":6},"end":{"line":84,"column":null}},"25":{"start":{"line":87,"column":22},"end":{"line":87,"column":null}},"26":{"start":{"line":89,"column":4},"end":{"line":97,"column":null}},"27":{"start":{"line":90,"column":6},"end":{"line":94,"column":null}},"28":{"start":{"line":95,"column":6},"end":{"line":95,"column":null}},"29":{"start":{"line":96,"column":6},"end":{"line":96,"column":null}},"30":{"start":{"line":99,"column":4},"end":{"line":99,"column":null}},"31":{"start":{"line":102,"column":17},"end":{"line":102,"column":null}},"32":{"start":{"line":104,"column":2},"end":{"line":109,"column":null}},"33":{"start":{"line":105,"column":4},"end":{"line":105,"column":null}},"34":{"start":{"line":105,"column":34},"end":{"line":105,"column":74}},"35":{"start":{"line":106,"column":4},"end":{"line":108,"column":null}},"36":{"start":{"line":107,"column":6},"end":{"line":107,"column":null}},"37":{"start":{"line":107,"column":32},"end":{"line":107,"column":70}},"38":{"start":{"line":111,"column":2},"end":{"line":111,"column":null}},"39":{"start":{"line":111,"column":31},"end":{"line":111,"column":65}}},"fnMap":{"0":{"name":"formatDate","decl":{"start":{"line":24,"column":9},"end":{"line":24,"column":20}},"loc":{"start":{"line":24,"column":32},"end":{"line":26,"column":null}},"line":24},"1":{"name":"formatTime","decl":{"start":{"line":28,"column":9},"end":{"line":28,"column":20}},"loc":{"start":{"line":28,"column":32},"end":{"line":30,"column":null}},"line":28},"2":{"name":"ensureDayGroup","decl":{"start":{"line":32,"column":9},"end":{"line":32,"column":null}},"loc":{"start":{"line":36,"column":2},"end":{"line":49,"column":null}},"line":36},"3":{"name":"groupSessionsByDate","decl":{"start":{"line":51,"column":16},"end":{"line":51,"column":null}},"loc":{"start":{"line":55,"column":21},"end":{"line":112,"column":null}},"line":55},"4":{"name":"(anonymous_4)","decl":{"start":{"line":62,"column":19},"end":{"line":62,"column":20}},"loc":{"start":{"line":62,"column":32},"end":{"line":100,"column":3}},"line":62},"5":{"name":"(anonymous_5)","decl":{"start":{"line":104,"column":17},"end":{"line":104,"column":18}},"loc":{"start":{"line":104,"column":31},"end":{"line":109,"column":3}},"line":104},"6":{"name":"(anonymous_6)","decl":{"start":{"line":105,"column":24},"end":{"line":105,"column":25}},"loc":{"start":{"line":105,"column":34},"end":{"line":105,"column":74}},"line":105},"7":{"name":"(anonymous_7)","decl":{"start":{"line":106,"column":27},"end":{"line":106,"column":28}},"loc":{"start":{"line":106,"column":37},"end":{"line":108,"column":5}},"line":106},"8":{"name":"(anonymous_8)","decl":{"start":{"line":107,"column":22},"end":{"line":107,"column":23}},"loc":{"start":{"line":107,"column":32},"end":{"line":107,"column":70}},"line":107},"9":{"name":"(anonymous_9)","decl":{"start":{"line":111,"column":21},"end":{"line":111,"column":22}},"loc":{"start":{"line":111,"column":31},"end":{"line":111,"column":65}},"line":111}},"branchMap":{"0":{"loc":{"start":{"line":39,"column":2},"end":{"line":46,"column":null}},"type":"if","locations":[{"start":{"line":39,"column":2},"end":{"line":46,"column":null}},{"start":{},"end":{}}],"line":39},"1":{"loc":{"start":{"line":64,"column":23},"end":{"line":64,"column":null}},"type":"binary-expr","locations":[{"start":{"line":64,"column":23},"end":{"line":64,"column":49}},{"start":{"line":64,"column":49},"end":{"line":64,"column":null}}],"line":64},"2":{"loc":{"start":{"line":70,"column":6},"end":{"line":70,"column":null}},"type":"cond-expr","locations":[{"start":{"line":70,"column":30},"end":{"line":70,"column":42}},{"start":{"line":70,"column":42},"end":{"line":70,"column":null}}],"line":70},"3":{"loc":{"start":{"line":82,"column":4},"end":{"line":85,"column":null}},"type":"if","locations":[{"start":{"line":82,"column":4},"end":{"line":85,"column":null}},{"start":{},"end":{}}],"line":82},"4":{"loc":{"start":{"line":89,"column":4},"end":{"line":97,"column":null}},"type":"if","locations":[{"start":{"line":89,"column":4},"end":{"line":97,"column":null}},{"start":{},"end":{}}],"line":89}},"s":{"0":3,"1":3,"2":4009,"3":4009,"4":4009,"5":4009,"6":33,"7":33,"8":4009,"9":5,"10":5,"11":5,"12":4009,"13":4009,"14":4009,"15":4009,"16":4009,"17":4009,"18":4009,"19":4009,"20":4009,"21":4009,"22":4009,"23":33,"24":33,"25":4009,"26":4009,"27":92,"28":92,"29":92,"30":4009,"31":5,"32":5,"33":33,"34":77,"35":33,"36":92,"37":3917,"38":5,"39":29},"f":{"0":4009,"1":4009,"2":4009,"3":5,"4":4009,"5":33,"6":77,"7":92,"8":3917,"9":29},"b":{"0":[33,3976],"1":[4009,1],"2":[0,4009],"3":[33,3976],"4":[92,3917]},"meta":{"lastBranch":5,"lastFunction":10,"lastStatement":40,"seen":{"s:14:22:17:Infinity":0,"s:19:22:22:Infinity":1,"f:24:9:24:20":0,"s:25:2:25:Infinity":2,"f:28:9:28:20":1,"s:29:2:29:Infinity":3,"f:32:9:32:Infinity":2,"s:37:14:37:Infinity":4,"b:39:2:46:Infinity:undefined:undefined:undefined:undefined":0,"s:39:2:46:Infinity":5,"s:40:4:44:Infinity":6,"s:45:4:45:Infinity":7,"s:48:2:48:Infinity":8,"f:51:16:51:Infinity":3,"s:56:17:56:Infinity":9,"s:57:25:60:Infinity":10,"s:62:2:100:Infinity":11,"f:62:19:62:20":4,"s:63:21:63:Infinity":12,"s:64:23:64:Infinity":13,"b:64:23:64:49:64:49:64:Infinity":1,"s:66:22:66:Infinity":14,"s:67:22:67:Infinity":15,"s:68:27:68:Infinity":16,"s:70:6:70:Infinity":17,"b:70:30:70:42:70:42:70:Infinity":2,"s:71:22:71:Infinity":18,"s:73:38:77:Infinity":19,"s:79:21:79:Infinity":20,"s:80:23:80:Infinity":21,"b:82:4:85:Infinity:undefined:undefined:undefined:undefined":3,"s:82:4:85:Infinity":22,"s:83:6:83:Infinity":23,"s:84:6:84:Infinity":24,"s:87:22:87:Infinity":25,"b:89:4:97:Infinity:undefined:undefined:undefined:undefined":4,"s:89:4:97:Infinity":26,"s:90:6:94:Infinity":27,"s:95:6:95:Infinity":28,"s:96:6:96:Infinity":29,"s:99:4:99:Infinity":30,"s:102:17:102:Infinity":31,"s:104:2:109:Infinity":32,"f:104:17:104:18":5,"s:105:4:105:Infinity":33,"f:105:24:105:25":6,"s:105:34:105:74":34,"s:106:4:108:Infinity":35,"f:106:27:106:28":7,"s:107:6:107:Infinity":36,"f:107:22:107:23":8,"s:107:32:107:70":37,"s:111:2:111:Infinity":38,"f:111:21:111:22":9,"s:111:31:111:65":39}}}
,"/Users/amurisavemylife/Documents/projects/maxbitsolution-test-task/src/entities/session/model/useSessionDetails.ts": {"path":"/Users/amurisavemylife/Documents/projects/maxbitsolution-test-task/src/entities/session/model/useSessionDetails.ts","statementMap":{"0":{"start":{"line":7,"column":8},"end":{"line":7,"column":null}},"1":{"start":{"line":8,"column":8},"end":{"line":8,"column":null}},"2":{"start":{"line":9,"column":8},"end":{"line":9,"column":null}},"3":{"start":{"line":10,"column":8},"end":{"line":10,"column":null}},"4":{"start":{"line":11,"column":8},"end":{"line":11,"column":null}},"5":{"start":{"line":14,"column":4},"end":{"line":14,"column":null}},"6":{"start":{"line":15,"column":4},"end":{"line":15,"column":null}},"7":{"start":{"line":17,"column":4},"end":{"line":27,"column":null}},"8":{"start":{"line":18,"column":22},"end":{"line":18,"column":null}},"9":{"start":{"line":19,"column":6},"end":{"line":19,"column":null}},"10":{"start":{"line":20,"column":6},"end":{"line":20,"column":null}},"11":{"start":{"line":21,"column":6},"end":{"line":21,"column":null}},"12":{"start":{"line":23,"column":12},"end":{"line":23,"column":null}},"13":{"start":{"line":24,"column":6},"end":{"line":24,"column":null}},"14":{"start":{"line":26,"column":6},"end":{"line":26,"column":null}},"15":{"start":{"line":31,"column":4},"end":{"line":31,"column":null}},"16":{"start":{"line":34,"column":2},"end":{"line":36,"column":null}},"17":{"start":{"line":35,"column":4},"end":{"line":35,"column":null}},"18":{"start":{"line":38,"column":2},"end":{"line":46,"column":null}}},"fnMap":{"0":{"name":"useSessionDetails","decl":{"start":{"line":6,"column":16},"end":{"line":6,"column":34}},"loc":{"start":{"line":6,"column":53},"end":{"line":47,"column":null}},"line":6},"1":{"name":"loadDetails","decl":{"start":{"line":13,"column":17},"end":{"line":13,"column":31}},"loc":{"start":{"line":13,"column":31},"end":{"line":28,"column":null}},"line":13},"2":{"name":"updateBookedSeats","decl":{"start":{"line":30,"column":11},"end":{"line":30,"column":29}},"loc":{"start":{"line":30,"column":54},"end":{"line":32,"column":null}},"line":30},"3":{"name":"(anonymous_3)","decl":{"start":{"line":34,"column":12},"end":{"line":34,"column":18}},"loc":{"start":{"line":34,"column":18},"end":{"line":36,"column":3}},"line":34}},"branchMap":{"0":{"loc":{"start":{"line":24,"column":20},"end":{"line":24,"column":null}},"type":"binary-expr","locations":[{"start":{"line":24,"column":20},"end":{"line":24,"column":51}},{"start":{"line":24,"column":51},"end":{"line":24,"column":null}}],"line":24}},"s":{"0":2,"1":2,"2":2,"3":2,"4":2,"5":2,"6":2,"7":2,"8":2,"9":1,"10":1,"11":1,"12":1,"13":1,"14":2,"15":0,"16":2,"17":2,"18":2},"f":{"0":2,"1":2,"2":0,"3":2},"b":{"0":[1,1]},"meta":{"lastBranch":1,"lastFunction":4,"lastStatement":19,"seen":{"f:6:16:6:34":0,"s:7:8:7:Infinity":0,"s:8:8:8:Infinity":1,"s:9:8:9:Infinity":2,"s:10:8:10:Infinity":3,"s:11:8:11:Infinity":4,"f:13:17:13:31":1,"s:14:4:14:Infinity":5,"s:15:4:15:Infinity":6,"s:17:4:27:Infinity":7,"s:18:22:18:Infinity":8,"s:19:6:19:Infinity":9,"s:20:6:20:Infinity":10,"s:21:6:21:Infinity":11,"s:23:12:23:Infinity":12,"s:24:6:24:Infinity":13,"b:24:20:24:51:24:51:24:Infinity":0,"s:26:6:26:Infinity":14,"f:30:11:30:29":2,"s:31:4:31:Infinity":15,"s:34:2:36:Infinity":16,"f:34:12:34:18":3,"s:35:4:35:Infinity":17,"s:38:2:46:Infinity":18}}}
,"/Users/amurisavemylife/Documents/projects/maxbitsolution-test-task/src/features/sessions/select-seats/useSeatSelection.ts": {"path":"/Users/amurisavemylife/Documents/projects/maxbitsolution-test-task/src/features/sessions/select-seats/useSeatSelection.ts","statementMap":{"0":{"start":{"line":5,"column":2},"end":{"line":5,"column":null}},"1":{"start":{"line":14,"column":2},"end":{"line":16,"column":null}},"2":{"start":{"line":15,"column":4},"end":{"line":15,"column":null}},"3":{"start":{"line":18,"column":2},"end":{"line":29,"column":null}},"4":{"start":{"line":18,"column":19},"end":{"line":18,"column":22}},"5":{"start":{"line":19,"column":17},"end":{"line":19,"column":null}},"6":{"start":{"line":20,"column":18},"end":{"line":20,"column":null}},"7":{"start":{"line":22,"column":4},"end":{"line":24,"column":null}},"8":{"start":{"line":23,"column":6},"end":{"line":23,"column":null}},"9":{"start":{"line":26,"column":4},"end":{"line":28,"column":null}},"10":{"start":{"line":27,"column":6},"end":{"line":27,"column":null}},"11":{"start":{"line":31,"column":2},"end":{"line":31,"column":null}},"12":{"start":{"line":35,"column":8},"end":{"line":35,"column":null}},"13":{"start":{"line":37,"column":8},"end":{"line":37,"column":null}},"14":{"start":{"line":37,"column":35},"end":{"line":37,"column":82}},"15":{"start":{"line":40,"column":21},"end":{"line":40,"column":null}},"16":{"start":{"line":40,"column":44},"end":{"line":40,"column":79}},"17":{"start":{"line":42,"column":4},"end":{"line":44,"column":null}},"18":{"start":{"line":43,"column":6},"end":{"line":43,"column":null}},"19":{"start":{"line":46,"column":4},"end":{"line":46,"column":null}},"20":{"start":{"line":50,"column":4},"end":{"line":52,"column":null}},"21":{"start":{"line":51,"column":6},"end":{"line":51,"column":null}},"22":{"start":{"line":54,"column":16},"end":{"line":54,"column":null}},"23":{"start":{"line":55,"column":19},"end":{"line":55,"column":null}},"24":{"start":{"line":55,"column":54},"end":{"line":55,"column":75}},"25":{"start":{"line":57,"column":26},"end":{"line":59,"column":null}},"26":{"start":{"line":58,"column":45},"end":{"line":58,"column":66}},"27":{"start":{"line":61,"column":4},"end":{"line":63,"column":null}},"28":{"start":{"line":62,"column":6},"end":{"line":62,"column":null}},"29":{"start":{"line":65,"column":4},"end":{"line":65,"column":null}},"30":{"start":{"line":69,"column":4},"end":{"line":69,"column":null}},"31":{"start":{"line":72,"column":2},"end":{"line":84,"column":null}},"32":{"start":{"line":75,"column":27},"end":{"line":75,"column":null}},"33":{"start":{"line":76,"column":23},"end":{"line":76,"column":null}},"34":{"start":{"line":76,"column":60},"end":{"line":76,"column":92}},"35":{"start":{"line":78,"column":6},"end":{"line":80,"column":null}},"36":{"start":{"line":79,"column":8},"end":{"line":79,"column":null}},"37":{"start":{"line":82,"column":6},"end":{"line":82,"column":null}},"38":{"start":{"line":86,"column":2},"end":{"line":91,"column":null}}},"fnMap":{"0":{"name":"seatKey","decl":{"start":{"line":4,"column":9},"end":{"line":4,"column":17}},"loc":{"start":{"line":4,"column":39},"end":{"line":6,"column":null}},"line":4},"1":{"name":"areSeatsEqual","decl":{"start":{"line":13,"column":9},"end":{"line":13,"column":23}},"loc":{"start":{"line":13,"column":65},"end":{"line":32,"column":null}},"line":13},"2":{"name":"useSeatSelection","decl":{"start":{"line":34,"column":16},"end":{"line":34,"column":33}},"loc":{"start":{"line":34,"column":67},"end":{"line":92,"column":null}},"line":34},"3":{"name":"(anonymous_3)","decl":{"start":{"line":37,"column":29},"end":{"line":37,"column":35}},"loc":{"start":{"line":37,"column":35},"end":{"line":37,"column":82}},"line":37},"4":{"name":"setSelection","decl":{"start":{"line":39,"column":11},"end":{"line":39,"column":24}},"loc":{"start":{"line":39,"column":49},"end":{"line":47,"column":null}},"line":39},"5":{"name":"(anonymous_5)","decl":{"start":{"line":40,"column":34},"end":{"line":40,"column":35}},"loc":{"start":{"line":40,"column":44},"end":{"line":40,"column":79}},"line":40},"6":{"name":"toggleSeat","decl":{"start":{"line":49,"column":11},"end":{"line":49,"column":22}},"loc":{"start":{"line":49,"column":44},"end":{"line":66,"column":null}},"line":49},"7":{"name":"(anonymous_7)","decl":{"start":{"line":55,"column":44},"end":{"line":55,"column":45}},"loc":{"start":{"line":55,"column":54},"end":{"line":55,"column":75}},"line":55},"8":{"name":"(anonymous_8)","decl":{"start":{"line":58,"column":35},"end":{"line":58,"column":36}},"loc":{"start":{"line":58,"column":45},"end":{"line":58,"column":66}},"line":58},"9":{"name":"reset","decl":{"start":{"line":68,"column":11},"end":{"line":68,"column":19}},"loc":{"start":{"line":68,"column":19},"end":{"line":70,"column":null}},"line":68},"10":{"name":"(anonymous_10)","decl":{"start":{"line":74,"column":4},"end":{"line":74,"column":5}},"loc":{"start":{"line":74,"column":19},"end":{"line":83,"column":null}},"line":74},"11":{"name":"(anonymous_11)","decl":{"start":{"line":76,"column":50},"end":{"line":76,"column":51}},"loc":{"start":{"line":76,"column":60},"end":{"line":76,"column":92}},"line":76}},"branchMap":{"0":{"loc":{"start":{"line":14,"column":2},"end":{"line":16,"column":null}},"type":"if","locations":[{"start":{"line":14,"column":2},"end":{"line":16,"column":null}},{"start":{},"end":{}}],"line":14},"1":{"loc":{"start":{"line":22,"column":4},"end":{"line":24,"column":null}},"type":"if","locations":[{"start":{"line":22,"column":4},"end":{"line":24,"column":null}},{"start":{},"end":{}}],"line":22},"2":{"loc":{"start":{"line":22,"column":8},"end":{"line":22,"column":25}},"type":"binary-expr","locations":[{"start":{"line":22,"column":8},"end":{"line":22,"column":17}},{"start":{"line":22,"column":17},"end":{"line":22,"column":25}}],"line":22},"3":{"loc":{"start":{"line":26,"column":4},"end":{"line":28,"column":null}},"type":"if","locations":[{"start":{"line":26,"column":4},"end":{"line":28,"column":null}},{"start":{},"end":{}}],"line":26},"4":{"loc":{"start":{"line":26,"column":8},"end":{"line":26,"column":84}},"type":"binary-expr","locations":[{"start":{"line":26,"column":8},"end":{"line":26,"column":46}},{"start":{"line":26,"column":46},"end":{"line":26,"column":84}}],"line":26},"5":{"loc":{"start":{"line":35,"column":46},"end":{"line":35,"column":76}},"type":"binary-expr","locations":[{"start":{"line":35,"column":46},"end":{"line":35,"column":74}},{"start":{"line":35,"column":74},"end":{"line":35,"column":76}}],"line":35},"6":{"loc":{"start":{"line":42,"column":4},"end":{"line":44,"column":null}},"type":"if","locations":[{"start":{"line":42,"column":4},"end":{"line":44,"column":null}},{"start":{},"end":{}}],"line":42},"7":{"loc":{"start":{"line":50,"column":4},"end":{"line":52,"column":null}},"type":"if","locations":[{"start":{"line":50,"column":4},"end":{"line":52,"column":null}},{"start":{},"end":{}}],"line":50},"8":{"loc":{"start":{"line":57,"column":26},"end":{"line":59,"column":null}},"type":"cond-expr","locations":[{"start":{"line":58,"column":8},"end":{"line":58,"column":null}},{"start":{"line":59,"column":8},"end":{"line":59,"column":null}}],"line":57},"9":{"loc":{"start":{"line":61,"column":4},"end":{"line":63,"column":null}},"type":"if","locations":[{"start":{"line":61,"column":4},"end":{"line":63,"column":null}},{"start":{},"end":{}}],"line":61},"10":{"loc":{"start":{"line":78,"column":6},"end":{"line":80,"column":null}},"type":"if","locations":[{"start":{"line":78,"column":6},"end":{"line":80,"column":null}},{"start":{},"end":{}}],"line":78}},"s":{"0":26,"1":9,"2":7,"3":2,"4":2,"5":2,"6":2,"7":2,"8":0,"9":2,"10":0,"11":2,"12":7,"13":7,"14":6,"15":2,"16":3,"17":2,"18":1,"19":1,"20":6,"21":1,"22":5,"23":5,"24":1,"25":5,"26":1,"27":6,"28":0,"29":5,"30":1,"31":7,"32":2,"33":2,"34":2,"35":2,"36":1,"37":1,"38":7},"f":{"0":26,"1":9,"2":7,"3":6,"4":2,"5":3,"6":6,"7":1,"8":1,"9":1,"10":2,"11":2},"b":{"0":[7,2],"1":[0,2],"2":[2,2],"3":[0,2],"4":[2,2],"5":[7,5],"6":[1,1],"7":[1,5],"8":[1,4],"9":[0,6],"10":[1,1]},"meta":{"lastBranch":11,"lastFunction":12,"lastStatement":39,"seen":{"f:4:9:4:17":0,"s:5:2:5:Infinity":0,"f:13:9:13:23":1,"b:14:2:16:Infinity:undefined:undefined:undefined:undefined":0,"s:14:2:16:Infinity":1,"s:15:4:15:Infinity":2,"s:18:2:29:Infinity":3,"s:18:19:18:22":4,"s:19:17:19:Infinity":5,"s:20:18:20:Infinity":6,"b:22:4:24:Infinity:undefined:undefined:undefined:undefined":1,"s:22:4:24:Infinity":7,"b:22:8:22:17:22:17:22:25":2,"s:23:6:23:Infinity":8,"b:26:4:28:Infinity:undefined:undefined:undefined:undefined":3,"s:26:4:28:Infinity":9,"b:26:8:26:46:26:46:26:84":4,"s:27:6:27:Infinity":10,"s:31:2:31:Infinity":11,"f:34:16:34:33":2,"s:35:8:35:Infinity":12,"b:35:46:35:74:35:74:35:76":5,"s:37:8:37:Infinity":13,"f:37:29:37:35":3,"s:37:35:37:82":14,"f:39:11:39:24":4,"s:40:21:40:Infinity":15,"f:40:34:40:35":5,"s:40:44:40:79":16,"b:42:4:44:Infinity:undefined:undefined:undefined:undefined":6,"s:42:4:44:Infinity":17,"s:43:6:43:Infinity":18,"s:46:4:46:Infinity":19,"f:49:11:49:22":6,"b:50:4:52:Infinity:undefined:undefined:undefined:undefined":7,"s:50:4:52:Infinity":20,"s:51:6:51:Infinity":21,"s:54:16:54:Infinity":22,"s:55:19:55:Infinity":23,"f:55:44:55:45":7,"s:55:54:55:75":24,"s:57:26:59:Infinity":25,"b:58:8:58:Infinity:59:8:59:Infinity":8,"f:58:35:58:36":8,"s:58:45:58:66":26,"b:61:4:63:Infinity:undefined:undefined:undefined:undefined":9,"s:61:4:63:Infinity":27,"s:62:6:62:Infinity":28,"s:65:4:65:Infinity":29,"f:68:11:68:19":9,"s:69:4:69:Infinity":30,"s:72:2:84:Infinity":31,"f:74:4:74:5":10,"s:75:27:75:Infinity":32,"s:76:23:76:Infinity":33,"f:76:50:76:51":11,"s:76:60:76:92":34,"b:78:6:80:Infinity:undefined:undefined:undefined:undefined":10,"s:78:6:80:Infinity":35,"s:79:8:79:Infinity":36,"s:82:6:82:Infinity":37,"s:86:2:91:Infinity":38}}}
,"/Users/amurisavemylife/Documents/projects/maxbitsolution-test-task/src/shared/utils/validation.ts": {"path":"/Users/amurisavemylife/Documents/projects/maxbitsolution-test-task/src/shared/utils/validation.ts","statementMap":{"0":{"start":{"line":7,"column":2},"end":{"line":9,"column":null}},"1":{"start":{"line":8,"column":4},"end":{"line":8,"column":null}},"2":{"start":{"line":11,"column":2},"end":{"line":13,"column":null}},"3":{"start":{"line":12,"column":4},"end":{"line":12,"column":null}},"4":{"start":{"line":15,"column":2},"end":{"line":15,"column":null}},"5":{"start":{"line":19,"column":2},"end":{"line":21,"column":null}},"6":{"start":{"line":20,"column":4},"end":{"line":20,"column":null}},"7":{"start":{"line":23,"column":2},"end":{"line":25,"column":null}},"8":{"start":{"line":24,"column":4},"end":{"line":24,"column":null}},"9":{"start":{"line":27,"column":2},"end":{"line":29,"column":null}},"10":{"start":{"line":28,"column":4},"end":{"line":28,"column":null}},"11":{"start":{"line":31,"column":2},"end":{"line":33,"column":null}},"12":{"start":{"line":32,"column":4},"end":{"line":32,"column":null}},"13":{"start":{"line":35,"column":2},"end":{"line":35,"column":null}},"14":{"start":{"line":39,"column":2},"end":{"line":41,"column":null}},"15":{"start":{"line":40,"column":4},"end":{"line":40,"column":null}},"16":{"start":{"line":43,"column":2},"end":{"line":45,"column":null}},"17":{"start":{"line":44,"column":4},"end":{"line":44,"column":null}},"18":{"start":{"line":47,"column":2},"end":{"line":47,"column":null}},"19":{"start":{"line":51,"column":2},"end":{"line":53,"column":null}},"20":{"start":{"line":52,"column":4},"end":{"line":52,"column":null}},"21":{"start":{"line":55,"column":2},"end":{"line":55,"column":null}}},"fnMap":{"0":{"name":"validateUsername","decl":{"start":{"line":6,"column":16},"end":{"line":6,"column":33}},"loc":{"start":{"line":6,"column":66},"end":{"line":16,"column":null}},"line":6},"1":{"name":"validatePassword","decl":{"start":{"line":18,"column":16},"end":{"line":18,"column":33}},"loc":{"start":{"line":18,"column":66},"end":{"line":36,"column":null}},"line":18},"2":{"name":"validatePasswordConfirmation","decl":{"start":{"line":38,"column":16},"end":{"line":38,"column":45}},"loc":{"start":{"line":38,"column":103},"end":{"line":48,"column":null}},"line":38},"3":{"name":"validateSeatSelection","decl":{"start":{"line":50,"column":16},"end":{"line":50,"column":41}},"loc":{"start":{"line":50,"column":71},"end":{"line":56,"column":null}},"line":50}},"branchMap":{"0":{"loc":{"start":{"line":7,"column":2},"end":{"line":9,"column":null}},"type":"if","locations":[{"start":{"line":7,"column":2},"end":{"line":9,"column":null}},{"start":{},"end":{}}],"line":7},"1":{"loc":{"start":{"line":7,"column":6},"end":{"line":7,"column":43}},"type":"binary-expr","locations":[{"start":{"line":7,"column":6},"end":{"line":7,"column":16}},{"start":{"line":7,"column":16},"end":{"line":7,"column":43}}],"line":7},"2":{"loc":{"start":{"line":11,"column":2},"end":{"line":13,"column":null}},"type":"if","locations":[{"start":{"line":11,"column":2},"end":{"line":13,"column":null}},{"start":{},"end":{}}],"line":11},"3":{"loc":{"start":{"line":19,"column":2},"end":{"line":21,"column":null}},"type":"if","locations":[{"start":{"line":19,"column":2},"end":{"line":21,"column":null}},{"start":{},"end":{}}],"line":19},"4":{"loc":{"start":{"line":23,"column":2},"end":{"line":25,"column":null}},"type":"if","locations":[{"start":{"line":23,"column":2},"end":{"line":25,"column":null}},{"start":{},"end":{}}],"line":23},"5":{"loc":{"start":{"line":27,"column":2},"end":{"line":29,"column":null}},"type":"if","locations":[{"start":{"line":27,"column":2},"end":{"line":29,"column":null}},{"start":{},"end":{}}],"line":27},"6":{"loc":{"start":{"line":31,"column":2},"end":{"line":33,"column":null}},"type":"if","locations":[{"start":{"line":31,"column":2},"end":{"line":33,"column":null}},{"start":{},"end":{}}],"line":31},"7":{"loc":{"start":{"line":39,"column":2},"end":{"line":41,"column":null}},"type":"if","locations":[{"start":{"line":39,"column":2},"end":{"line":41,"column":null}},{"start":{},"end":{}}],"line":39},"8":{"loc":{"start":{"line":43,"column":2},"end":{"line":45,"column":null}},"type":"if","locations":[{"start":{"line":43,"column":2},"end":{"line":45,"column":null}},{"start":{},"end":{}}],"line":43},"9":{"loc":{"start":{"line":51,"column":2},"end":{"line":53,"column":null}},"type":"if","locations":[{"start":{"line":51,"column":2},"end":{"line":53,"column":null}},{"start":{},"end":{}}],"line":51}},"s":{"0":8,"1":3,"2":5,"3":1,"4":4,"5":8,"6":2,"7":6,"8":1,"9":5,"10":1,"11":4,"12":1,"13":3,"14":3,"15":1,"16":2,"17":1,"18":1,"19":2,"20":1,"21":1},"f":{"0":8,"1":8,"2":3,"3":2},"b":{"0":[3,5],"1":[8,6],"2":[1,4],"3":[2,6],"4":[1,5],"5":[1,4],"6":[1,3],"7":[1,2],"8":[1,1],"9":[1,1]},"meta":{"lastBranch":10,"lastFunction":4,"lastStatement":22,"seen":{"f:6:16:6:33":0,"b:7:2:9:Infinity:undefined:undefined:undefined:undefined":0,"s:7:2:9:Infinity":0,"b:7:6:7:16:7:16:7:43":1,"s:8:4:8:Infinity":1,"b:11:2:13:Infinity:undefined:undefined:undefined:undefined":2,"s:11:2:13:Infinity":2,"s:12:4:12:Infinity":3,"s:15:2:15:Infinity":4,"f:18:16:18:33":1,"b:19:2:21:Infinity:undefined:undefined:undefined:undefined":3,"s:19:2:21:Infinity":5,"s:20:4:20:Infinity":6,"b:23:2:25:Infinity:undefined:undefined:undefined:undefined":4,"s:23:2:25:Infinity":7,"s:24:4:24:Infinity":8,"b:27:2:29:Infinity:undefined:undefined:undefined:undefined":5,"s:27:2:29:Infinity":9,"s:28:4:28:Infinity":10,"b:31:2:33:Infinity:undefined:undefined:undefined:undefined":6,"s:31:2:33:Infinity":11,"s:32:4:32:Infinity":12,"s:35:2:35:Infinity":13,"f:38:16:38:45":2,"b:39:2:41:Infinity:undefined:undefined:undefined:undefined":7,"s:39:2:41:Infinity":14,"s:40:4:40:Infinity":15,"b:43:2:45:Infinity:undefined:undefined:undefined:undefined":8,"s:43:2:45:Infinity":16,"s:44:4:44:Infinity":17,"s:47:2:47:Infinity":18,"f:50:16:50:41":3,"b:51:2:53:Infinity:undefined:undefined:undefined:undefined":9,"s:51:2:53:Infinity":19,"s:52:4:52:Infinity":20,"s:55:2:55:Infinity":21}}}
}
